#! /c/Source/iverilog-install/bin/vvp
:ivl_version "12.0 (devel)" "(s20150603-1539-g2693dd32b)";
:ivl_delay_selection "TYPICAL";
:vpi_time_precision - 2;
:vpi_module "C:\iverilog\lib\ivl\system.vpi";
:vpi_module "C:\iverilog\lib\ivl\vhdl_sys.vpi";
:vpi_module "C:\iverilog\lib\ivl\vhdl_textio.vpi";
:vpi_module "C:\iverilog\lib\ivl\v2005_math.vpi";
:vpi_module "C:\iverilog\lib\ivl\va_math.vpi";
S_00000201902585d0 .scope module, "clock2_tb" "clock2_tb" 2 5;
 .timescale 0 -2;
v0000020190346950_0 .var "clk_r", 0 0;
v0000020190346f90_0 .net "hourhigh", 6 0, L_00000201903aff50;  1 drivers
v0000020190347530_0 .net "hourlow", 6 0, L_000002019034a9b0;  1 drivers
v0000020190347990_0 .var "loadOrNah_r", 0 0;
v00000201903466d0_0 .var "loading_r", 15 0;
v0000020190347850_0 .net "minhigh", 6 0, L_00000201903450f0;  1 drivers
v00000201903470d0_0 .net "minlow", 6 0, L_0000020190343bb0;  1 drivers
v0000020190346a90_0 .net "sechigh", 6 0, L_00000201903af4b0;  1 drivers
v0000020190347b70_0 .net "seclow", 6 0, L_00000201903afeb0;  1 drivers
L_00000201903b0090 .part v00000201903466d0_0, 12, 4;
L_00000201903b0130 .part v00000201903466d0_0, 8, 4;
L_00000201903ae830 .part v00000201903466d0_0, 4, 4;
L_00000201903b01d0 .part v00000201903466d0_0, 0, 4;
S_000002019023d1e0 .scope module, "DUT" "clock2" 2 31, 3 4 0, S_00000201902585d0;
 .timescale 0 -2;
    .port_info 0 /INPUT 1 "clk_i";
    .port_info 1 /INPUT 1 "nLoaded_i";
    .port_info 2 /INPUT 1 "loadOrNah";
    .port_info 3 /INPUT 4 "Lhourhigh";
    .port_info 4 /INPUT 4 "Lhourlow";
    .port_info 5 /INPUT 4 "Lminhigh";
    .port_info 6 /INPUT 4 "Lminlow";
    .port_info 7 /OUTPUT 7 "Lhour";
    .port_info 8 /OUTPUT 7 "Lmin";
    .port_info 9 /OUTPUT 7 "hrhighbcd";
    .port_info 10 /OUTPUT 7 "hrlowbcd";
    .port_info 11 /OUTPUT 7 "minhighbcd";
    .port_info 12 /OUTPUT 7 "minlowbcd";
    .port_info 13 /OUTPUT 7 "sechighbcd";
    .port_info 14 /OUTPUT 7 "seclowbcd";
    .port_info 15 /OUTPUT 7 "seconds_o";
    .port_info 16 /OUTPUT 7 "minutes_o";
    .port_info 17 /OUTPUT 7 "hours_o";
P_00000201902b7e80 .param/l "timey0" 0 3 4, C4<1>;
P_00000201902b7eb8 .param/l "timey1" 0 3 4, C4<1>;
P_00000201902b7ef0 .param/l "timey2" 0 3 4, +C4<00000000000000000000000000111011>;
P_00000201902b7f28 .param/l "timey3" 0 3 4, +C4<00000000000000000000000000001011>;
P_00000201902b7f60 .param/l "zeroz" 0 3 4, +C4<00000000000000000000000000000001>;
L_00000201902574d0 .functor AND 1, L_00000201902579a0, L_0000020190257ee0, C4<1>, C4<1>;
L_0000020190257380 .functor AND 1, L_00000201902574d0, L_00000201903461d0, C4<1>, C4<1>;
L_000002019034d168 .functor BUFT 1, C4<1>, C4<0>, C4<0>, C4<0>;
L_00000201902570e0 .functor AND 1, L_0000020190345d70, L_000002019034d168, C4<1>, C4<1>;
v0000020190338370_0 .net "Lhour", 6 0, L_0000020190346450;  1 drivers
v0000020190338410_0 .net "Lhourhigh", 3 0, L_00000201903b0090;  1 drivers
v00000201903380f0_0 .net "Lhourlow", 3 0, L_00000201903b0130;  1 drivers
v0000020190338730_0 .net "Lmanagedhour", 0 0, L_00000201903463b0;  1 drivers
v00000201903382d0_0 .net "Lmin", 6 0, L_00000201903493d0;  1 drivers
v0000020190338c30_0 .net "Lminhigh", 3 0, L_00000201903ae830;  1 drivers
v0000020190338550_0 .net "Lminlow", 3 0, L_00000201903b01d0;  1 drivers
v0000020190338a50_0 .net/2u *"_ivl_10", 0 0, L_000002019034d168;  1 drivers
v0000020190338230_0 .net *"_ivl_13", 0 0, L_00000201902570e0;  1 drivers
L_000002019034d1b0 .functor BUFT 1, C4<0000000>, C4<0>, C4<0>, C4<0>;
v0000020190337c90_0 .net/2u *"_ivl_14", 6 0, L_000002019034d1b0;  1 drivers
v0000020190337e70_0 .net *"_ivl_16", 6 0, L_0000020190346ef0;  1 drivers
v0000020190337d30_0 .net *"_ivl_2", 31 0, L_00000201903468b0;  1 drivers
L_000002019034d240 .functor BUFT 1, C4<0000>, C4<0>, C4<0>, C4<0>;
v0000020190338e10_0 .net/2u *"_ivl_20", 3 0, L_000002019034d240;  1 drivers
L_000002019034d318 .functor BUFT 1, C4<0000>, C4<0>, C4<0>, C4<0>;
v00000201903387d0_0 .net/2u *"_ivl_26", 3 0, L_000002019034d318;  1 drivers
L_000002019034d360 .functor BUFT 1, C4<000000>, C4<0>, C4<0>, C4<0>;
v0000020190338190_0 .net *"_ivl_33", 5 0, L_000002019034d360;  1 drivers
L_000002019034d3f0 .functor BUFT 1, C4<0>, C4<0>, C4<0>, C4<0>;
v0000020190337fb0_0 .net *"_ivl_40", 0 0, L_000002019034d3f0;  1 drivers
L_000002019034d480 .functor BUFT 1, C4<000>, C4<0>, C4<0>, C4<0>;
v00000201903389b0_0 .net *"_ivl_45", 2 0, L_000002019034d480;  1 drivers
L_000002019034d0d8 .functor BUFT 1, C4<0000000000000000000000000>, C4<0>, C4<0>, C4<0>;
v0000020190338050_0 .net *"_ivl_5", 24 0, L_000002019034d0d8;  1 drivers
L_000002019034d4c8 .functor BUFT 1, C4<000>, C4<0>, C4<0>, C4<0>;
v0000020190337dd0_0 .net *"_ivl_50", 2 0, L_000002019034d4c8;  1 drivers
L_000002019034d120 .functor BUFT 1, C4<00000000000000000000000000001100>, C4<0>, C4<0>, C4<0>;
v0000020190337bf0_0 .net/2u *"_ivl_6", 31 0, L_000002019034d120;  1 drivers
v0000020190338af0_0 .net *"_ivl_8", 0 0, L_0000020190345d70;  1 drivers
v0000020190338870_0 .net "clk_i", 0 0, v0000020190346950_0;  1 drivers
v00000201903385f0_0 .net "hex7needblank", 6 0, L_0000020190348a70;  1 drivers
v0000020190338cd0_0 .net "hours_o", 6 0, L_0000020190346310;  1 drivers
v00000201903384b0_0 .net "hrhigh", 3 0, L_0000020190345c30;  1 drivers
v0000020190338910_0 .net "hrhighbcd", 6 0, L_00000201903aff50;  alias, 1 drivers
v00000201903378d0_0 .net "hrlow", 3 0, L_0000020190347490;  1 drivers
v0000020190338690_0 .net "hrlowbcd", 6 0, L_000002019034a9b0;  alias, 1 drivers
v0000020190338b90_0 .net "loadOrNah", 0 0, v0000020190347990_0;  1 drivers
v0000020190338eb0_0 .net "managedhour", 6 0, L_0000020190347cb0;  1 drivers
v0000020190337f10_0 .net "minhigh", 3 0, L_0000020190347a30;  1 drivers
v0000020190338f50_0 .net "minhighbcd", 6 0, L_00000201903450f0;  alias, 1 drivers
v0000020190337970_0 .net "minlow", 3 0, L_0000020190347030;  1 drivers
v0000020190337a10_0 .net "minlowbcd", 6 0, L_0000020190343bb0;  alias, 1 drivers
v0000020190337ab0_0 .net "minutes_o", 6 0, L_0000020190346c70;  1 drivers
o00000201902e6748 .functor BUFZ 1, C4<z>; HiZ drive
v0000020190337b50_0 .net "nLoaded_i", 0 0, o00000201902e6748;  0 drivers
v0000020190345ff0_0 .net "sechigh", 3 0, L_0000020190347fd0;  1 drivers
v0000020190347e90_0 .net "sechighbcd", 6 0, L_00000201903af4b0;  alias, 1 drivers
v0000020190346810_0 .net "seclow", 3 0, L_0000020190347170;  1 drivers
v00000201903469f0_0 .net "seclowbcd", 6 0, L_00000201903afeb0;  alias, 1 drivers
v0000020190346db0_0 .net "seconds_o", 6 0, L_00000201903477b0;  1 drivers
v0000020190346590_0 .net "stage1_en_w", 0 0, L_00000201902579a0;  1 drivers
v00000201903478f0_0 .net "stage2_en_w", 0 0, L_0000020190257ee0;  1 drivers
v00000201903472b0_0 .net "stage3_en_w", 0 0, L_00000201903461d0;  1 drivers
v00000201903475d0_0 .net "tc0a1", 0 0, L_00000201902574d0;  1 drivers
v0000020190346b30_0 .net "tc2a2", 0 0, L_0000020190257380;  1 drivers
L_00000201903468b0 .concat [ 7 25 0 0], L_0000020190346450, L_000002019034d0d8;
L_0000020190345d70 .cmp/eq 32, L_00000201903468b0, L_000002019034d120;
L_0000020190346ef0 .functor MUXZ 7, L_0000020190346450, L_000002019034d1b0, L_00000201902570e0, C4<>;
L_00000201903463b0 .part L_0000020190346ef0, 0, 1;
L_0000020190345eb0 .part L_000002019034d240, 0, 1;
L_0000020190347f30 .part L_000002019034d318, 0, 1;
L_00000201903477b0 .concat [ 1 6 0 0], L_0000020190257230, L_000002019034d360;
L_0000020190346bd0 .part L_00000201903493d0, 0, 6;
L_0000020190346c70 .concat [ 6 1 0 0], L_00000201902578c0, L_000002019034d3f0;
L_0000020190347670 .concat [ 1 3 0 0], L_00000201903463b0, L_000002019034d480;
L_0000020190346310 .concat [ 4 3 0 0], L_0000020190257930, L_000002019034d4c8;
S_000002019023d370 .scope module, "Hbcd" "bcd2bin" 3 112, 4 3 0, S_000002019023d1e0;
 .timescale 0 -2;
    .port_info 0 /INPUT 4 "bcd_low";
    .port_info 1 /INPUT 4 "bcd_high";
    .port_info 2 /OUTPUT 7 "bin_out";
L_000002019034d948 .functor BUFT 1, C4<1001>, C4<0>, C4<0>, C4<0>;
v00000201902be7d0_0 .net/2u *"_ivl_0", 3 0, L_000002019034d948;  1 drivers
L_000002019034da20 .functor BUFT 1, C4<1001>, C4<0>, C4<0>, C4<0>;
v00000201902bfdb0_0 .net/2u *"_ivl_12", 3 0, L_000002019034da20;  1 drivers
v00000201902be910_0 .net *"_ivl_14", 0 0, L_0000020190347d50;  1 drivers
L_000002019034da68 .functor BUFT 1, C4<00000>, C4<0>, C4<0>, C4<0>;
v00000201902beb90_0 .net/2u *"_ivl_16", 4 0, L_000002019034da68;  1 drivers
v00000201902be5f0_0 .net *"_ivl_18", 4 0, L_0000020190347df0;  1 drivers
v00000201902bea50_0 .net *"_ivl_2", 0 0, L_0000020190345cd0;  1 drivers
L_000002019034dab0 .functor BUFT 1, C4<0>, C4<0>, C4<0>, C4<0>;
v00000201902bee10_0 .net *"_ivl_21", 0 0, L_000002019034dab0;  1 drivers
v00000201902be2d0_0 .net *"_ivl_24", 6 0, L_0000020190345a50;  1 drivers
L_000002019034daf8 .functor BUFT 1, C4<00>, C4<0>, C4<0>, C4<0>;
v00000201902bef50_0 .net *"_ivl_27", 1 0, L_000002019034daf8;  1 drivers
L_000002019034db40 .functor BUFT 1, C4<0001010>, C4<0>, C4<0>, C4<0>;
v00000201902bf090_0 .net/2u *"_ivl_28", 6 0, L_000002019034db40;  1 drivers
v00000201902bf130_0 .net *"_ivl_31", 6 0, L_0000020190345b90;  1 drivers
v00000201902be0f0_0 .net *"_ivl_32", 6 0, L_0000020190346090;  1 drivers
L_000002019034db88 .functor BUFT 1, C4<00>, C4<0>, C4<0>, C4<0>;
v00000201902bf3b0_0 .net *"_ivl_35", 1 0, L_000002019034db88;  1 drivers
L_000002019034d990 .functor BUFT 1, C4<00000>, C4<0>, C4<0>, C4<0>;
v00000201902be190_0 .net/2u *"_ivl_4", 4 0, L_000002019034d990;  1 drivers
v00000201902bf1d0_0 .net *"_ivl_6", 4 0, L_0000020190347ad0;  1 drivers
L_000002019034d9d8 .functor BUFT 1, C4<0>, C4<0>, C4<0>, C4<0>;
v00000201902bf450_0 .net *"_ivl_9", 0 0, L_000002019034d9d8;  1 drivers
v00000201902bf4f0_0 .net "bcd0", 4 0, L_0000020190347c10;  1 drivers
v00000201902be230_0 .net "bcd1", 4 0, L_00000201903459b0;  1 drivers
v00000201902bf590_0 .net "bcd_high", 3 0, L_00000201903b0090;  alias, 1 drivers
v00000201902be370_0 .net "bcd_low", 3 0, L_00000201903b0130;  alias, 1 drivers
v00000201902be410_0 .net "bin_out", 6 0, L_0000020190346450;  alias, 1 drivers
L_0000020190345cd0 .cmp/gt 4, L_00000201903b0090, L_000002019034d948;
L_0000020190347ad0 .concat [ 4 1 0 0], L_00000201903b0090, L_000002019034d9d8;
L_0000020190347c10 .functor MUXZ 5, L_0000020190347ad0, L_000002019034d990, L_0000020190345cd0, C4<>;
L_0000020190347d50 .cmp/gt 4, L_00000201903b0130, L_000002019034da20;
L_0000020190347df0 .concat [ 4 1 0 0], L_00000201903b0130, L_000002019034dab0;
L_00000201903459b0 .functor MUXZ 5, L_0000020190347df0, L_000002019034da68, L_0000020190347d50, C4<>;
L_0000020190345a50 .concat [ 5 2 0 0], L_0000020190347c10, L_000002019034daf8;
L_0000020190345b90 .arith/mult 7, L_0000020190345a50, L_000002019034db40;
L_0000020190346090 .concat [ 5 2 0 0], L_00000201903459b0, L_000002019034db88;
L_0000020190346450 .arith/sum 7, L_0000020190345b90, L_0000020190346090;
S_00000201902376a0 .scope module, "Mbcd" "bcd2bin" 3 116, 4 3 0, S_000002019023d1e0;
 .timescale 0 -2;
    .port_info 0 /INPUT 4 "bcd_low";
    .port_info 1 /INPUT 4 "bcd_high";
    .port_info 2 /OUTPUT 7 "bin_out";
L_000002019034dbd0 .functor BUFT 1, C4<1001>, C4<0>, C4<0>, C4<0>;
v00000201902be690_0 .net/2u *"_ivl_0", 3 0, L_000002019034dbd0;  1 drivers
L_000002019034dca8 .functor BUFT 1, C4<1001>, C4<0>, C4<0>, C4<0>;
v000002019024e240_0 .net/2u *"_ivl_12", 3 0, L_000002019034dca8;  1 drivers
v000002019024ec40_0 .net *"_ivl_14", 0 0, L_0000020190349650;  1 drivers
L_000002019034dcf0 .functor BUFT 1, C4<00000>, C4<0>, C4<0>, C4<0>;
v000002019024e380_0 .net/2u *"_ivl_16", 4 0, L_000002019034dcf0;  1 drivers
v00000201903239c0_0 .net *"_ivl_18", 4 0, L_0000020190349c90;  1 drivers
v0000020190323a60_0 .net *"_ivl_2", 0 0, L_0000020190346130;  1 drivers
L_000002019034dd38 .functor BUFT 1, C4<0>, C4<0>, C4<0>, C4<0>;
v0000020190324c80_0 .net *"_ivl_21", 0 0, L_000002019034dd38;  1 drivers
v00000201903243c0_0 .net *"_ivl_24", 6 0, L_000002019034a370;  1 drivers
L_000002019034dd80 .functor BUFT 1, C4<00>, C4<0>, C4<0>, C4<0>;
v0000020190323c40_0 .net *"_ivl_27", 1 0, L_000002019034dd80;  1 drivers
L_000002019034ddc8 .functor BUFT 1, C4<0001010>, C4<0>, C4<0>, C4<0>;
v0000020190324be0_0 .net/2u *"_ivl_28", 6 0, L_000002019034ddc8;  1 drivers
v0000020190324aa0_0 .net *"_ivl_31", 6 0, L_0000020190349a10;  1 drivers
v0000020190323b00_0 .net *"_ivl_32", 6 0, L_00000201903489d0;  1 drivers
L_000002019034de10 .functor BUFT 1, C4<00>, C4<0>, C4<0>, C4<0>;
v0000020190323740_0 .net *"_ivl_35", 1 0, L_000002019034de10;  1 drivers
L_000002019034dc18 .functor BUFT 1, C4<00000>, C4<0>, C4<0>, C4<0>;
v0000020190324000_0 .net/2u *"_ivl_4", 4 0, L_000002019034dc18;  1 drivers
v0000020190324460_0 .net *"_ivl_6", 4 0, L_000002019034a870;  1 drivers
L_000002019034dc60 .functor BUFT 1, C4<0>, C4<0>, C4<0>, C4<0>;
v0000020190324e60_0 .net *"_ivl_9", 0 0, L_000002019034dc60;  1 drivers
v0000020190323880_0 .net "bcd0", 4 0, L_000002019034a2d0;  1 drivers
v0000020190323ba0_0 .net "bcd1", 4 0, L_000002019034a4b0;  1 drivers
v0000020190324280_0 .net "bcd_high", 3 0, L_00000201903ae830;  alias, 1 drivers
v0000020190324960_0 .net "bcd_low", 3 0, L_00000201903b01d0;  alias, 1 drivers
v0000020190324320_0 .net "bin_out", 6 0, L_00000201903493d0;  alias, 1 drivers
L_0000020190346130 .cmp/gt 4, L_00000201903ae830, L_000002019034dbd0;
L_000002019034a870 .concat [ 4 1 0 0], L_00000201903ae830, L_000002019034dc60;
L_000002019034a2d0 .functor MUXZ 5, L_000002019034a870, L_000002019034dc18, L_0000020190346130, C4<>;
L_0000020190349650 .cmp/gt 4, L_00000201903b01d0, L_000002019034dca8;
L_0000020190349c90 .concat [ 4 1 0 0], L_00000201903b01d0, L_000002019034dd38;
L_000002019034a4b0 .functor MUXZ 5, L_0000020190349c90, L_000002019034dcf0, L_0000020190349650, C4<>;
L_000002019034a370 .concat [ 5 2 0 0], L_000002019034a2d0, L_000002019034dd80;
L_0000020190349a10 .arith/mult 7, L_000002019034a370, L_000002019034ddc8;
L_00000201903489d0 .concat [ 5 2 0 0], L_000002019034a4b0, L_000002019034de10;
L_00000201903493d0 .arith/sum 7, L_0000020190349a10, L_00000201903489d0;
S_0000020190237830 .scope module, "hr" "bin2bcd" 3 106, 5 4 0, S_000002019023d1e0;
 .timescale 0 -2;
    .port_info 0 /INPUT 7 "bin_in";
    .port_info 1 /OUTPUT 4 "bcd_high_out";
    .port_info 2 /OUTPUT 4 "bcd_low_out";
v0000020190324f00_0 .net *"_ivl_0", 31 0, L_0000020190345910;  1 drivers
v00000201903246e0_0 .net *"_ivl_10", 31 0, L_00000201903473f0;  1 drivers
L_000002019034d8b8 .functor BUFT 1, C4<0000000000000000000000000>, C4<0>, C4<0>, C4<0>;
v00000201903245a0_0 .net *"_ivl_13", 24 0, L_000002019034d8b8;  1 drivers
L_000002019034d900 .functor BUFT 1, C4<00000000000000000000000000001010>, C4<0>, C4<0>, C4<0>;
v0000020190324820_0 .net/2u *"_ivl_14", 31 0, L_000002019034d900;  1 drivers
v0000020190324640_0 .net *"_ivl_16", 31 0, L_0000020190346270;  1 drivers
L_000002019034d828 .functor BUFT 1, C4<0000000000000000000000000>, C4<0>, C4<0>, C4<0>;
v0000020190324780_0 .net *"_ivl_3", 24 0, L_000002019034d828;  1 drivers
L_000002019034d870 .functor BUFT 1, C4<00000000000000000000000000001010>, C4<0>, C4<0>, C4<0>;
v0000020190323ce0_0 .net/2u *"_ivl_4", 31 0, L_000002019034d870;  1 drivers
v0000020190323d80_0 .net *"_ivl_6", 31 0, L_0000020190347210;  1 drivers
v00000201903240a0_0 .net "bcd_high_out", 3 0, L_0000020190345c30;  alias, 1 drivers
v00000201903236a0_0 .net "bcd_low_out", 3 0, L_0000020190347490;  alias, 1 drivers
v0000020190324500_0 .net "bin_in", 6 0, L_0000020190347cb0;  alias, 1 drivers
L_0000020190345910 .concat [ 7 25 0 0], L_0000020190347cb0, L_000002019034d828;
L_0000020190347210 .arith/div 32, L_0000020190345910, L_000002019034d870;
L_0000020190345c30 .part L_0000020190347210, 0, 4;
L_00000201903473f0 .concat [ 7 25 0 0], L_0000020190347cb0, L_000002019034d8b8;
L_0000020190346270 .arith/mod 32, L_00000201903473f0, L_000002019034d900;
L_0000020190347490 .part L_0000020190346270, 0, 4;
S_000002019023d710 .scope module, "mangerH" "hoursmanaged" 3 91, 6 4 0, S_000002019023d1e0;
 .timescale 0 -2;
    .port_info 0 /INPUT 7 "binb4";
    .port_info 1 /OUTPUT 7 "bin_fresh";
P_0000020190218990 .param/l "hrmax" 0 6 5, +C4<00000000000000000000000000001011>;
P_00000201902189c8 .param/l "zeroed" 0 6 5, +C4<00000000000000000000000000000001>;
L_000002019034d510 .functor BUFT 1, C4<1>, C4<0>, C4<0>, C4<0>;
L_0000020190257b60 .functor AND 1, L_000002019034d510, L_0000020190345e10, C4<1>, C4<1>;
v0000020190324a00_0 .net/2u *"_ivl_0", 0 0, L_000002019034d510;  1 drivers
L_000002019034d558 .functor BUFT 1, C4<0000000>, C4<0>, C4<0>, C4<0>;
v0000020190323e20_0 .net/2u *"_ivl_2", 6 0, L_000002019034d558;  1 drivers
v0000020190323ec0_0 .net *"_ivl_4", 0 0, L_0000020190345e10;  1 drivers
v00000201903237e0_0 .net *"_ivl_7", 0 0, L_0000020190257b60;  1 drivers
L_000002019034d5a0 .functor BUFT 1, C4<0001100>, C4<0>, C4<0>, C4<0>;
v00000201903248c0_0 .net/2u *"_ivl_8", 6 0, L_000002019034d5a0;  1 drivers
v0000020190323f60_0 .net "bin_fresh", 6 0, L_0000020190347cb0;  alias, 1 drivers
v0000020190324b40_0 .net "binb4", 6 0, L_0000020190346310;  alias, 1 drivers
L_0000020190345e10 .cmp/eq 7, L_0000020190346310, L_000002019034d558;
L_0000020190347cb0 .functor MUXZ 7, L_0000020190346310, L_000002019034d5a0, L_0000020190257b60, C4<>;
S_000002019023d8a0 .scope module, "mins" "bin2bcd" 3 101, 5 4 0, S_000002019023d1e0;
 .timescale 0 -2;
    .port_info 0 /INPUT 7 "bin_in";
    .port_info 1 /OUTPUT 4 "bcd_high_out";
    .port_info 2 /OUTPUT 4 "bcd_low_out";
v0000020190324d20_0 .net *"_ivl_0", 31 0, L_0000020190346e50;  1 drivers
v0000020190324dc0_0 .net *"_ivl_10", 31 0, L_00000201903464f0;  1 drivers
L_000002019034d798 .functor BUFT 1, C4<0000000000000000000000000>, C4<0>, C4<0>, C4<0>;
v0000020190323600_0 .net *"_ivl_13", 24 0, L_000002019034d798;  1 drivers
L_000002019034d7e0 .functor BUFT 1, C4<00000000000000000000000000001010>, C4<0>, C4<0>, C4<0>;
v0000020190323920_0 .net/2u *"_ivl_14", 31 0, L_000002019034d7e0;  1 drivers
v00000201903241e0_0 .net *"_ivl_16", 31 0, L_0000020190348070;  1 drivers
L_000002019034d708 .functor BUFT 1, C4<0000000000000000000000000>, C4<0>, C4<0>, C4<0>;
v0000020190324140_0 .net *"_ivl_3", 24 0, L_000002019034d708;  1 drivers
L_000002019034d750 .functor BUFT 1, C4<00000000000000000000000000001010>, C4<0>, C4<0>, C4<0>;
v0000020190323060_0 .net/2u *"_ivl_4", 31 0, L_000002019034d750;  1 drivers
v0000020190323100_0 .net *"_ivl_6", 31 0, L_0000020190347710;  1 drivers
v0000020190323240_0 .net "bcd_high_out", 3 0, L_0000020190347a30;  alias, 1 drivers
v00000201903231a0_0 .net "bcd_low_out", 3 0, L_0000020190347030;  alias, 1 drivers
v00000201903232e0_0 .net "bin_in", 6 0, L_0000020190346c70;  alias, 1 drivers
L_0000020190346e50 .concat [ 7 25 0 0], L_0000020190346c70, L_000002019034d708;
L_0000020190347710 .arith/div 32, L_0000020190346e50, L_000002019034d750;
L_0000020190347a30 .part L_0000020190347710, 0, 4;
L_00000201903464f0 .concat [ 7 25 0 0], L_0000020190346c70, L_000002019034d798;
L_0000020190348070 .arith/mod 32, L_00000201903464f0, L_000002019034d7e0;
L_0000020190347030 .part L_0000020190348070, 0, 4;
S_000002019023a800 .scope module, "sec" "bin2bcd" 3 96, 5 4 0, S_000002019023d1e0;
 .timescale 0 -2;
    .port_info 0 /INPUT 7 "bin_in";
    .port_info 1 /OUTPUT 4 "bcd_high_out";
    .port_info 2 /OUTPUT 4 "bcd_low_out";
v0000020190323420_0 .net *"_ivl_0", 31 0, L_0000020190346630;  1 drivers
v0000020190323380_0 .net *"_ivl_10", 31 0, L_0000020190345f50;  1 drivers
L_000002019034d678 .functor BUFT 1, C4<0000000000000000000000000>, C4<0>, C4<0>, C4<0>;
v00000201903234c0_0 .net *"_ivl_13", 24 0, L_000002019034d678;  1 drivers
L_000002019034d6c0 .functor BUFT 1, C4<00000000000000000000000000001010>, C4<0>, C4<0>, C4<0>;
v0000020190323560_0 .net/2u *"_ivl_14", 31 0, L_000002019034d6c0;  1 drivers
v0000020190326200_0 .net *"_ivl_16", 31 0, L_0000020190347350;  1 drivers
L_000002019034d5e8 .functor BUFT 1, C4<0000000000000000000000000>, C4<0>, C4<0>, C4<0>;
v0000020190327560_0 .net *"_ivl_3", 24 0, L_000002019034d5e8;  1 drivers
L_000002019034d630 .functor BUFT 1, C4<00000000000000000000000000001010>, C4<0>, C4<0>, C4<0>;
v0000020190325800_0 .net/2u *"_ivl_4", 31 0, L_000002019034d630;  1 drivers
v0000020190327060_0 .net *"_ivl_6", 31 0, L_0000020190346d10;  1 drivers
v00000201903253a0_0 .net "bcd_high_out", 3 0, L_0000020190347fd0;  alias, 1 drivers
v0000020190325f80_0 .net "bcd_low_out", 3 0, L_0000020190347170;  alias, 1 drivers
v0000020190326020_0 .net "bin_in", 6 0, L_00000201903477b0;  alias, 1 drivers
L_0000020190346630 .concat [ 7 25 0 0], L_00000201903477b0, L_000002019034d5e8;
L_0000020190346d10 .arith/div 32, L_0000020190346630, L_000002019034d630;
L_0000020190347fd0 .part L_0000020190346d10, 0, 4;
L_0000020190345f50 .concat [ 7 25 0 0], L_00000201903477b0, L_000002019034d678;
L_0000020190347350 .arith/mod 32, L_0000020190345f50, L_000002019034d6c0;
L_0000020190347170 .part L_0000020190347350, 0, 4;
S_000002019023a990 .scope module, "seg5" "hex7seg" 3 138, 7 3 0, S_000002019023d1e0;
 .timescale 0 -2;
    .port_info 0 /INPUT 4 "c_i";
    .port_info 1 /OUTPUT 7 "disp_o";
L_0000020190350138 .functor BUFT 1, C4<0000>, C4<0>, C4<0>, C4<0>;
v0000020190326de0_0 .net/2u *"_ivl_0", 3 0, L_0000020190350138;  1 drivers
L_0000020190350210 .functor BUFT 1, C4<1111001>, C4<0>, C4<0>, C4<0>;
v00000201903277e0_0 .net/2u *"_ivl_10", 6 0, L_0000020190350210;  1 drivers
v0000020190326c00_0 .net *"_ivl_100", 6 0, L_00000201903af910;  1 drivers
v0000020190326b60_0 .net *"_ivl_102", 6 0, L_00000201903b0b30;  1 drivers
v0000020190327100_0 .net *"_ivl_104", 6 0, L_00000201903af2d0;  1 drivers
v00000201903271a0_0 .net *"_ivl_106", 6 0, L_00000201903aeb50;  1 drivers
v00000201903276a0_0 .net *"_ivl_108", 6 0, L_00000201903af370;  1 drivers
v0000020190326980_0 .net *"_ivl_110", 6 0, L_00000201903af410;  1 drivers
v00000201903262a0_0 .net *"_ivl_112", 6 0, L_00000201903af870;  1 drivers
v0000020190326a20_0 .net *"_ivl_114", 6 0, L_00000201903b0950;  1 drivers
v0000020190325bc0_0 .net *"_ivl_116", 6 0, L_00000201903b08b0;  1 drivers
v0000020190326840_0 .net *"_ivl_118", 6 0, L_00000201903afc30;  1 drivers
L_0000020190350258 .functor BUFT 1, C4<0010>, C4<0>, C4<0>, C4<0>;
v0000020190326160_0 .net/2u *"_ivl_12", 3 0, L_0000020190350258;  1 drivers
v0000020190326660_0 .net *"_ivl_14", 0 0, L_0000020190344b50;  1 drivers
L_00000201903502a0 .functor BUFT 1, C4<0100100>, C4<0>, C4<0>, C4<0>;
v00000201903251c0_0 .net/2u *"_ivl_16", 6 0, L_00000201903502a0;  1 drivers
L_00000201903502e8 .functor BUFT 1, C4<0011>, C4<0>, C4<0>, C4<0>;
v00000201903265c0_0 .net/2u *"_ivl_18", 3 0, L_00000201903502e8;  1 drivers
v0000020190326e80_0 .net *"_ivl_2", 0 0, L_0000020190344790;  1 drivers
v0000020190327740_0 .net *"_ivl_20", 0 0, L_0000020190344bf0;  1 drivers
L_0000020190350330 .functor BUFT 1, C4<0110000>, C4<0>, C4<0>, C4<0>;
v0000020190325ee0_0 .net/2u *"_ivl_22", 6 0, L_0000020190350330;  1 drivers
L_0000020190350378 .functor BUFT 1, C4<0100>, C4<0>, C4<0>, C4<0>;
v0000020190325080_0 .net/2u *"_ivl_24", 3 0, L_0000020190350378;  1 drivers
v00000201903260c0_0 .net *"_ivl_26", 0 0, L_0000020190345230;  1 drivers
L_00000201903503c0 .functor BUFT 1, C4<0011001>, C4<0>, C4<0>, C4<0>;
v00000201903254e0_0 .net/2u *"_ivl_28", 6 0, L_00000201903503c0;  1 drivers
L_0000020190350408 .functor BUFT 1, C4<0101>, C4<0>, C4<0>, C4<0>;
v0000020190325440_0 .net/2u *"_ivl_30", 3 0, L_0000020190350408;  1 drivers
v00000201903256c0_0 .net *"_ivl_32", 0 0, L_0000020190344c90;  1 drivers
L_0000020190350450 .functor BUFT 1, C4<0010010>, C4<0>, C4<0>, C4<0>;
v0000020190326fc0_0 .net/2u *"_ivl_34", 6 0, L_0000020190350450;  1 drivers
L_0000020190350498 .functor BUFT 1, C4<0110>, C4<0>, C4<0>, C4<0>;
v0000020190325c60_0 .net/2u *"_ivl_36", 3 0, L_0000020190350498;  1 drivers
v0000020190326340_0 .net *"_ivl_38", 0 0, L_00000201903452d0;  1 drivers
L_0000020190350180 .functor BUFT 1, C4<1000000>, C4<0>, C4<0>, C4<0>;
v0000020190326ac0_0 .net/2u *"_ivl_4", 6 0, L_0000020190350180;  1 drivers
L_00000201903504e0 .functor BUFT 1, C4<0000010>, C4<0>, C4<0>, C4<0>;
v0000020190326520_0 .net/2u *"_ivl_40", 6 0, L_00000201903504e0;  1 drivers
L_0000020190350528 .functor BUFT 1, C4<0111>, C4<0>, C4<0>, C4<0>;
v0000020190325d00_0 .net/2u *"_ivl_42", 3 0, L_0000020190350528;  1 drivers
v00000201903263e0_0 .net *"_ivl_44", 0 0, L_0000020190345410;  1 drivers
L_0000020190350570 .functor BUFT 1, C4<1111000>, C4<0>, C4<0>, C4<0>;
v0000020190327600_0 .net/2u *"_ivl_46", 6 0, L_0000020190350570;  1 drivers
L_00000201903505b8 .functor BUFT 1, C4<1000>, C4<0>, C4<0>, C4<0>;
v0000020190325da0_0 .net/2u *"_ivl_48", 3 0, L_00000201903505b8;  1 drivers
v0000020190325760_0 .net *"_ivl_50", 0 0, L_00000201903457d0;  1 drivers
L_0000020190350600 .functor BUFT 1, C4<0000000>, C4<0>, C4<0>, C4<0>;
v0000020190327420_0 .net/2u *"_ivl_52", 6 0, L_0000020190350600;  1 drivers
L_0000020190350648 .functor BUFT 1, C4<1001>, C4<0>, C4<0>, C4<0>;
v0000020190326480_0 .net/2u *"_ivl_54", 3 0, L_0000020190350648;  1 drivers
v0000020190325e40_0 .net *"_ivl_56", 0 0, L_0000020190345870;  1 drivers
L_0000020190350690 .functor BUFT 1, C4<0011000>, C4<0>, C4<0>, C4<0>;
v0000020190326700_0 .net/2u *"_ivl_58", 6 0, L_0000020190350690;  1 drivers
L_00000201903501c8 .functor BUFT 1, C4<0001>, C4<0>, C4<0>, C4<0>;
v00000201903267a0_0 .net/2u *"_ivl_6", 3 0, L_00000201903501c8;  1 drivers
L_00000201903506d8 .functor BUFT 1, C4<1010>, C4<0>, C4<0>, C4<0>;
v00000201903268e0_0 .net/2u *"_ivl_60", 3 0, L_00000201903506d8;  1 drivers
v0000020190325940_0 .net *"_ivl_62", 0 0, L_0000020190343390;  1 drivers
L_0000020190350720 .functor BUFT 1, C4<0001000>, C4<0>, C4<0>, C4<0>;
v0000020190326ca0_0 .net/2u *"_ivl_64", 6 0, L_0000020190350720;  1 drivers
L_0000020190350768 .functor BUFT 1, C4<1011>, C4<0>, C4<0>, C4<0>;
v0000020190326d40_0 .net/2u *"_ivl_66", 3 0, L_0000020190350768;  1 drivers
v0000020190326f20_0 .net *"_ivl_68", 0 0, L_00000201902bed70;  1 drivers
L_00000201903507b0 .functor BUFT 1, C4<0000011>, C4<0>, C4<0>, C4<0>;
v0000020190327240_0 .net/2u *"_ivl_70", 6 0, L_00000201903507b0;  1 drivers
L_00000201903507f8 .functor BUFT 1, C4<1100>, C4<0>, C4<0>, C4<0>;
v00000201903272e0_0 .net/2u *"_ivl_72", 3 0, L_00000201903507f8;  1 drivers
v0000020190327380_0 .net *"_ivl_74", 0 0, L_00000201903b04f0;  1 drivers
L_0000020190350840 .functor BUFT 1, C4<1000110>, C4<0>, C4<0>, C4<0>;
v00000201903274c0_0 .net/2u *"_ivl_76", 6 0, L_0000020190350840;  1 drivers
L_0000020190350888 .functor BUFT 1, C4<1101>, C4<0>, C4<0>, C4<0>;
v0000020190325120_0 .net/2u *"_ivl_78", 3 0, L_0000020190350888;  1 drivers
v0000020190325580_0 .net *"_ivl_8", 0 0, L_0000020190344830;  1 drivers
v00000201903258a0_0 .net *"_ivl_80", 0 0, L_00000201903af690;  1 drivers
L_00000201903508d0 .functor BUFT 1, C4<0100001>, C4<0>, C4<0>, C4<0>;
v0000020190325620_0 .net/2u *"_ivl_82", 6 0, L_00000201903508d0;  1 drivers
L_0000020190350918 .functor BUFT 1, C4<1110>, C4<0>, C4<0>, C4<0>;
v0000020190325260_0 .net/2u *"_ivl_84", 3 0, L_0000020190350918;  1 drivers
v0000020190325300_0 .net *"_ivl_86", 0 0, L_00000201903aeab0;  1 drivers
L_0000020190350960 .functor BUFT 1, C4<0000110>, C4<0>, C4<0>, C4<0>;
v00000201903259e0_0 .net/2u *"_ivl_88", 6 0, L_0000020190350960;  1 drivers
L_00000201903509a8 .functor BUFT 1, C4<0001110>, C4<0>, C4<0>, C4<0>;
v0000020190325a80_0 .net/2u *"_ivl_90", 6 0, L_00000201903509a8;  1 drivers
v0000020190325b20_0 .net *"_ivl_92", 6 0, L_00000201903afe10;  1 drivers
v0000020190327f60_0 .net *"_ivl_94", 6 0, L_00000201903ae470;  1 drivers
v0000020190327d80_0 .net *"_ivl_96", 6 0, L_00000201903afb90;  1 drivers
v00000201903283c0_0 .net *"_ivl_98", 6 0, L_00000201903aec90;  1 drivers
v00000201903286e0_0 .net "c_i", 3 0, L_0000020190347fd0;  alias, 1 drivers
v0000020190328e60_0 .net "disp_o", 6 0, L_00000201903af4b0;  alias, 1 drivers
L_0000020190344790 .cmp/eq 4, L_0000020190347fd0, L_0000020190350138;
L_0000020190344830 .cmp/eq 4, L_0000020190347fd0, L_00000201903501c8;
L_0000020190344b50 .cmp/eq 4, L_0000020190347fd0, L_0000020190350258;
L_0000020190344bf0 .cmp/eq 4, L_0000020190347fd0, L_00000201903502e8;
L_0000020190345230 .cmp/eq 4, L_0000020190347fd0, L_0000020190350378;
L_0000020190344c90 .cmp/eq 4, L_0000020190347fd0, L_0000020190350408;
L_00000201903452d0 .cmp/eq 4, L_0000020190347fd0, L_0000020190350498;
L_0000020190345410 .cmp/eq 4, L_0000020190347fd0, L_0000020190350528;
L_00000201903457d0 .cmp/eq 4, L_0000020190347fd0, L_00000201903505b8;
L_0000020190345870 .cmp/eq 4, L_0000020190347fd0, L_0000020190350648;
L_0000020190343390 .cmp/eq 4, L_0000020190347fd0, L_00000201903506d8;
L_00000201902bed70 .cmp/eq 4, L_0000020190347fd0, L_0000020190350768;
L_00000201903b04f0 .cmp/eq 4, L_0000020190347fd0, L_00000201903507f8;
L_00000201903af690 .cmp/eq 4, L_0000020190347fd0, L_0000020190350888;
L_00000201903aeab0 .cmp/eq 4, L_0000020190347fd0, L_0000020190350918;
L_00000201903afe10 .functor MUXZ 7, L_00000201903509a8, L_0000020190350960, L_00000201903aeab0, C4<>;
L_00000201903ae470 .functor MUXZ 7, L_00000201903afe10, L_00000201903508d0, L_00000201903af690, C4<>;
L_00000201903afb90 .functor MUXZ 7, L_00000201903ae470, L_0000020190350840, L_00000201903b04f0, C4<>;
L_00000201903aec90 .functor MUXZ 7, L_00000201903afb90, L_00000201903507b0, L_00000201902bed70, C4<>;
L_00000201903af910 .functor MUXZ 7, L_00000201903aec90, L_0000020190350720, L_0000020190343390, C4<>;
L_00000201903b0b30 .functor MUXZ 7, L_00000201903af910, L_0000020190350690, L_0000020190345870, C4<>;
L_00000201903af2d0 .functor MUXZ 7, L_00000201903b0b30, L_0000020190350600, L_00000201903457d0, C4<>;
L_00000201903aeb50 .functor MUXZ 7, L_00000201903af2d0, L_0000020190350570, L_0000020190345410, C4<>;
L_00000201903af370 .functor MUXZ 7, L_00000201903aeb50, L_00000201903504e0, L_00000201903452d0, C4<>;
L_00000201903af410 .functor MUXZ 7, L_00000201903af370, L_0000020190350450, L_0000020190344c90, C4<>;
L_00000201903af870 .functor MUXZ 7, L_00000201903af410, L_00000201903503c0, L_0000020190345230, C4<>;
L_00000201903b0950 .functor MUXZ 7, L_00000201903af870, L_0000020190350330, L_0000020190344bf0, C4<>;
L_00000201903b08b0 .functor MUXZ 7, L_00000201903b0950, L_00000201903502a0, L_0000020190344b50, C4<>;
L_00000201903afc30 .functor MUXZ 7, L_00000201903b08b0, L_0000020190350210, L_0000020190344830, C4<>;
L_00000201903af4b0 .functor MUXZ 7, L_00000201903afc30, L_0000020190350180, L_0000020190344790, C4<>;
S_0000020190241ea0 .scope module, "segs1" "hex7seg" 3 121, 7 3 0, S_000002019023d1e0;
 .timescale 0 -2;
    .port_info 0 /INPUT 4 "c_i";
    .port_info 1 /OUTPUT 7 "disp_o";
L_000002019034de58 .functor BUFT 1, C4<0000>, C4<0>, C4<0>, C4<0>;
v00000201903281e0_0 .net/2u *"_ivl_0", 3 0, L_000002019034de58;  1 drivers
L_000002019034df30 .functor BUFT 1, C4<1111001>, C4<0>, C4<0>, C4<0>;
v0000020190328aa0_0 .net/2u *"_ivl_10", 6 0, L_000002019034df30;  1 drivers
v0000020190328460_0 .net *"_ivl_100", 6 0, L_0000020190348930;  1 drivers
v00000201903285a0_0 .net *"_ivl_102", 6 0, L_00000201903495b0;  1 drivers
v0000020190328000_0 .net *"_ivl_104", 6 0, L_0000020190348ed0;  1 drivers
v0000020190327e20_0 .net *"_ivl_106", 6 0, L_0000020190349b50;  1 drivers
v00000201903288c0_0 .net *"_ivl_108", 6 0, L_000002019034a050;  1 drivers
v0000020190327ce0_0 .net *"_ivl_110", 6 0, L_0000020190349e70;  1 drivers
v0000020190328500_0 .net *"_ivl_112", 6 0, L_0000020190349bf0;  1 drivers
v0000020190328820_0 .net *"_ivl_114", 6 0, L_00000201903487f0;  1 drivers
v0000020190327b00_0 .net *"_ivl_116", 6 0, L_0000020190349010;  1 drivers
v0000020190328d20_0 .net *"_ivl_118", 6 0, L_0000020190349830;  1 drivers
L_000002019034df78 .functor BUFT 1, C4<0010>, C4<0>, C4<0>, C4<0>;
v0000020190328960_0 .net/2u *"_ivl_12", 3 0, L_000002019034df78;  1 drivers
v0000020190327a60_0 .net *"_ivl_14", 0 0, L_0000020190349dd0;  1 drivers
L_000002019034dfc0 .functor BUFT 1, C4<0100100>, C4<0>, C4<0>, C4<0>;
v0000020190328dc0_0 .net/2u *"_ivl_16", 6 0, L_000002019034dfc0;  1 drivers
L_000002019034e008 .functor BUFT 1, C4<0011>, C4<0>, C4<0>, C4<0>;
v0000020190328a00_0 .net/2u *"_ivl_18", 3 0, L_000002019034e008;  1 drivers
v0000020190327ba0_0 .net *"_ivl_2", 0 0, L_0000020190349330;  1 drivers
v0000020190327c40_0 .net *"_ivl_20", 0 0, L_0000020190348890;  1 drivers
L_000002019034e050 .functor BUFT 1, C4<0110000>, C4<0>, C4<0>, C4<0>;
v0000020190327ec0_0 .net/2u *"_ivl_22", 6 0, L_000002019034e050;  1 drivers
L_000002019034e098 .functor BUFT 1, C4<0100>, C4<0>, C4<0>, C4<0>;
v0000020190328780_0 .net/2u *"_ivl_24", 3 0, L_000002019034e098;  1 drivers
v0000020190328f00_0 .net *"_ivl_26", 0 0, L_00000201903490b0;  1 drivers
L_000002019034e0e0 .functor BUFT 1, C4<0011001>, C4<0>, C4<0>, C4<0>;
v0000020190328140_0 .net/2u *"_ivl_28", 6 0, L_000002019034e0e0;  1 drivers
L_000002019034e128 .functor BUFT 1, C4<0101>, C4<0>, C4<0>, C4<0>;
v0000020190328280_0 .net/2u *"_ivl_30", 3 0, L_000002019034e128;  1 drivers
v00000201903280a0_0 .net *"_ivl_32", 0 0, L_0000020190348110;  1 drivers
L_000002019034e170 .functor BUFT 1, C4<0010010>, C4<0>, C4<0>, C4<0>;
v0000020190328b40_0 .net/2u *"_ivl_34", 6 0, L_000002019034e170;  1 drivers
L_000002019034e1b8 .functor BUFT 1, C4<0110>, C4<0>, C4<0>, C4<0>;
v0000020190328640_0 .net/2u *"_ivl_36", 3 0, L_000002019034e1b8;  1 drivers
v0000020190328320_0 .net *"_ivl_38", 0 0, L_0000020190348b10;  1 drivers
L_000002019034dea0 .functor BUFT 1, C4<1000000>, C4<0>, C4<0>, C4<0>;
v0000020190328be0_0 .net/2u *"_ivl_4", 6 0, L_000002019034dea0;  1 drivers
L_000002019034e200 .functor BUFT 1, C4<0000010>, C4<0>, C4<0>, C4<0>;
v0000020190328c80_0 .net/2u *"_ivl_40", 6 0, L_000002019034e200;  1 drivers
L_000002019034e248 .functor BUFT 1, C4<0111>, C4<0>, C4<0>, C4<0>;
v0000020190327880_0 .net/2u *"_ivl_42", 3 0, L_000002019034e248;  1 drivers
v0000020190327920_0 .net *"_ivl_44", 0 0, L_00000201903482f0;  1 drivers
L_000002019034e290 .functor BUFT 1, C4<1111000>, C4<0>, C4<0>, C4<0>;
v00000201903279c0_0 .net/2u *"_ivl_46", 6 0, L_000002019034e290;  1 drivers
L_000002019034e2d8 .functor BUFT 1, C4<1000>, C4<0>, C4<0>, C4<0>;
v000002019032aac0_0 .net/2u *"_ivl_48", 3 0, L_000002019034e2d8;  1 drivers
v0000020190329c60_0 .net *"_ivl_50", 0 0, L_0000020190349790;  1 drivers
L_000002019034e320 .functor BUFT 1, C4<0000000>, C4<0>, C4<0>, C4<0>;
v0000020190329e40_0 .net/2u *"_ivl_52", 6 0, L_000002019034e320;  1 drivers
L_000002019034e368 .functor BUFT 1, C4<1001>, C4<0>, C4<0>, C4<0>;
v00000201903296c0_0 .net/2u *"_ivl_54", 3 0, L_000002019034e368;  1 drivers
v000002019032ab60_0 .net *"_ivl_56", 0 0, L_0000020190348750;  1 drivers
L_000002019034e3b0 .functor BUFT 1, C4<0011000>, C4<0>, C4<0>, C4<0>;
v000002019032a020_0 .net/2u *"_ivl_58", 6 0, L_000002019034e3b0;  1 drivers
L_000002019034dee8 .functor BUFT 1, C4<0001>, C4<0>, C4<0>, C4<0>;
v000002019032a480_0 .net/2u *"_ivl_6", 3 0, L_000002019034dee8;  1 drivers
L_000002019034e3f8 .functor BUFT 1, C4<1010>, C4<0>, C4<0>, C4<0>;
v0000020190329620_0 .net/2u *"_ivl_60", 3 0, L_000002019034e3f8;  1 drivers
v0000020190329080_0 .net *"_ivl_62", 0 0, L_0000020190349fb0;  1 drivers
L_000002019034e440 .functor BUFT 1, C4<0001000>, C4<0>, C4<0>, C4<0>;
v0000020190329ee0_0 .net/2u *"_ivl_64", 6 0, L_000002019034e440;  1 drivers
L_000002019034e488 .functor BUFT 1, C4<1011>, C4<0>, C4<0>, C4<0>;
v000002019032a200_0 .net/2u *"_ivl_66", 3 0, L_000002019034e488;  1 drivers
v0000020190329760_0 .net *"_ivl_68", 0 0, L_000002019034a550;  1 drivers
L_000002019034e4d0 .functor BUFT 1, C4<0000011>, C4<0>, C4<0>, C4<0>;
v000002019032a160_0 .net/2u *"_ivl_70", 6 0, L_000002019034e4d0;  1 drivers
L_000002019034e518 .functor BUFT 1, C4<1100>, C4<0>, C4<0>, C4<0>;
v000002019032a840_0 .net/2u *"_ivl_72", 3 0, L_000002019034e518;  1 drivers
v000002019032af20_0 .net *"_ivl_74", 0 0, L_0000020190349ab0;  1 drivers
L_000002019034e560 .functor BUFT 1, C4<1000110>, C4<0>, C4<0>, C4<0>;
v000002019032ade0_0 .net/2u *"_ivl_76", 6 0, L_000002019034e560;  1 drivers
L_000002019034e5a8 .functor BUFT 1, C4<1101>, C4<0>, C4<0>, C4<0>;
v000002019032a2a0_0 .net/2u *"_ivl_78", 3 0, L_000002019034e5a8;  1 drivers
v000002019032ad40_0 .net *"_ivl_8", 0 0, L_0000020190349970;  1 drivers
v00000201903294e0_0 .net *"_ivl_80", 0 0, L_00000201903498d0;  1 drivers
L_000002019034e5f0 .functor BUFT 1, C4<0100001>, C4<0>, C4<0>, C4<0>;
v000002019032a700_0 .net/2u *"_ivl_82", 6 0, L_000002019034e5f0;  1 drivers
L_000002019034e638 .functor BUFT 1, C4<1110>, C4<0>, C4<0>, C4<0>;
v00000201903299e0_0 .net/2u *"_ivl_84", 3 0, L_000002019034e638;  1 drivers
v00000201903291c0_0 .net *"_ivl_86", 0 0, L_00000201903496f0;  1 drivers
L_000002019034e680 .functor BUFT 1, C4<0000110>, C4<0>, C4<0>, C4<0>;
v000002019032aca0_0 .net/2u *"_ivl_88", 6 0, L_000002019034e680;  1 drivers
L_000002019034e6c8 .functor BUFT 1, C4<0001110>, C4<0>, C4<0>, C4<0>;
v0000020190329800_0 .net/2u *"_ivl_90", 6 0, L_000002019034e6c8;  1 drivers
v000002019032ae80_0 .net *"_ivl_92", 6 0, L_0000020190348bb0;  1 drivers
v0000020190329120_0 .net *"_ivl_94", 6 0, L_000002019034a690;  1 drivers
v0000020190329580_0 .net *"_ivl_96", 6 0, L_0000020190349150;  1 drivers
v000002019032aa20_0 .net *"_ivl_98", 6 0, L_00000201903481b0;  1 drivers
v0000020190329260_0 .net "c_i", 3 0, L_0000020190345c30;  alias, 1 drivers
v0000020190329d00_0 .net "disp_o", 6 0, L_0000020190348a70;  alias, 1 drivers
L_0000020190349330 .cmp/eq 4, L_0000020190345c30, L_000002019034de58;
L_0000020190349970 .cmp/eq 4, L_0000020190345c30, L_000002019034dee8;
L_0000020190349dd0 .cmp/eq 4, L_0000020190345c30, L_000002019034df78;
L_0000020190348890 .cmp/eq 4, L_0000020190345c30, L_000002019034e008;
L_00000201903490b0 .cmp/eq 4, L_0000020190345c30, L_000002019034e098;
L_0000020190348110 .cmp/eq 4, L_0000020190345c30, L_000002019034e128;
L_0000020190348b10 .cmp/eq 4, L_0000020190345c30, L_000002019034e1b8;
L_00000201903482f0 .cmp/eq 4, L_0000020190345c30, L_000002019034e248;
L_0000020190349790 .cmp/eq 4, L_0000020190345c30, L_000002019034e2d8;
L_0000020190348750 .cmp/eq 4, L_0000020190345c30, L_000002019034e368;
L_0000020190349fb0 .cmp/eq 4, L_0000020190345c30, L_000002019034e3f8;
L_000002019034a550 .cmp/eq 4, L_0000020190345c30, L_000002019034e488;
L_0000020190349ab0 .cmp/eq 4, L_0000020190345c30, L_000002019034e518;
L_00000201903498d0 .cmp/eq 4, L_0000020190345c30, L_000002019034e5a8;
L_00000201903496f0 .cmp/eq 4, L_0000020190345c30, L_000002019034e638;
L_0000020190348bb0 .functor MUXZ 7, L_000002019034e6c8, L_000002019034e680, L_00000201903496f0, C4<>;
L_000002019034a690 .functor MUXZ 7, L_0000020190348bb0, L_000002019034e5f0, L_00000201903498d0, C4<>;
L_0000020190349150 .functor MUXZ 7, L_000002019034a690, L_000002019034e560, L_0000020190349ab0, C4<>;
L_00000201903481b0 .functor MUXZ 7, L_0000020190349150, L_000002019034e4d0, L_000002019034a550, C4<>;
L_0000020190348930 .functor MUXZ 7, L_00000201903481b0, L_000002019034e440, L_0000020190349fb0, C4<>;
L_00000201903495b0 .functor MUXZ 7, L_0000020190348930, L_000002019034e3b0, L_0000020190348750, C4<>;
L_0000020190348ed0 .functor MUXZ 7, L_00000201903495b0, L_000002019034e320, L_0000020190349790, C4<>;
L_0000020190349b50 .functor MUXZ 7, L_0000020190348ed0, L_000002019034e290, L_00000201903482f0, C4<>;
L_000002019034a050 .functor MUXZ 7, L_0000020190349b50, L_000002019034e200, L_0000020190348b10, C4<>;
L_0000020190349e70 .functor MUXZ 7, L_000002019034a050, L_000002019034e170, L_0000020190348110, C4<>;
L_0000020190349bf0 .functor MUXZ 7, L_0000020190349e70, L_000002019034e0e0, L_00000201903490b0, C4<>;
L_00000201903487f0 .functor MUXZ 7, L_0000020190349bf0, L_000002019034e050, L_0000020190348890, C4<>;
L_0000020190349010 .functor MUXZ 7, L_00000201903487f0, L_000002019034dfc0, L_0000020190349dd0, C4<>;
L_0000020190349830 .functor MUXZ 7, L_0000020190349010, L_000002019034df30, L_0000020190349970, C4<>;
L_0000020190348a70 .functor MUXZ 7, L_0000020190349830, L_000002019034dea0, L_0000020190349330, C4<>;
S_0000020190244490 .scope module, "segs2" "hex7seg" 3 126, 7 3 0, S_000002019023d1e0;
 .timescale 0 -2;
    .port_info 0 /INPUT 4 "c_i";
    .port_info 1 /OUTPUT 7 "disp_o";
L_000002019034e710 .functor BUFT 1, C4<0000>, C4<0>, C4<0>, C4<0>;
v000002019032a340_0 .net/2u *"_ivl_0", 3 0, L_000002019034e710;  1 drivers
L_000002019034e7e8 .functor BUFT 1, C4<1111001>, C4<0>, C4<0>, C4<0>;
v000002019032a3e0_0 .net/2u *"_ivl_10", 6 0, L_000002019034e7e8;  1 drivers
v0000020190329da0_0 .net *"_ivl_100", 6 0, L_0000020190348390;  1 drivers
v000002019032a660_0 .net *"_ivl_102", 6 0, L_000002019034a730;  1 drivers
v00000201903298a0_0 .net *"_ivl_104", 6 0, L_000002019034a7d0;  1 drivers
v000002019032a0c0_0 .net *"_ivl_106", 6 0, L_0000020190348250;  1 drivers
v000002019032a980_0 .net *"_ivl_108", 6 0, L_00000201903484d0;  1 drivers
v0000020190329f80_0 .net *"_ivl_110", 6 0, L_00000201903486b0;  1 drivers
v0000020190329940_0 .net *"_ivl_112", 6 0, L_000002019034aa50;  1 drivers
v000002019032a7a0_0 .net *"_ivl_114", 6 0, L_000002019034aeb0;  1 drivers
v0000020190329a80_0 .net *"_ivl_116", 6 0, L_000002019034af50;  1 drivers
v000002019032a520_0 .net *"_ivl_118", 6 0, L_000002019034aaf0;  1 drivers
L_000002019034e830 .functor BUFT 1, C4<0010>, C4<0>, C4<0>, C4<0>;
v0000020190329b20_0 .net/2u *"_ivl_12", 3 0, L_000002019034e830;  1 drivers
v0000020190329bc0_0 .net *"_ivl_14", 0 0, L_0000020190349f10;  1 drivers
L_000002019034e878 .functor BUFT 1, C4<0100100>, C4<0>, C4<0>, C4<0>;
v000002019032a5c0_0 .net/2u *"_ivl_16", 6 0, L_000002019034e878;  1 drivers
L_000002019034e8c0 .functor BUFT 1, C4<0011>, C4<0>, C4<0>, C4<0>;
v000002019032a8e0_0 .net/2u *"_ivl_18", 3 0, L_000002019034e8c0;  1 drivers
v000002019032ac00_0 .net *"_ivl_2", 0 0, L_00000201903491f0;  1 drivers
v0000020190329300_0 .net *"_ivl_20", 0 0, L_000002019034a410;  1 drivers
L_000002019034e908 .functor BUFT 1, C4<0110000>, C4<0>, C4<0>, C4<0>;
v00000201903293a0_0 .net/2u *"_ivl_22", 6 0, L_000002019034e908;  1 drivers
L_000002019034e950 .functor BUFT 1, C4<0100>, C4<0>, C4<0>, C4<0>;
v0000020190329440_0 .net/2u *"_ivl_24", 3 0, L_000002019034e950;  1 drivers
v000002019032d3d0_0 .net *"_ivl_26", 0 0, L_0000020190348c50;  1 drivers
L_000002019034e998 .functor BUFT 1, C4<0011001>, C4<0>, C4<0>, C4<0>;
v000002019032e550_0 .net/2u *"_ivl_28", 6 0, L_000002019034e998;  1 drivers
L_000002019034e9e0 .functor BUFT 1, C4<0101>, C4<0>, C4<0>, C4<0>;
v000002019032f090_0 .net/2u *"_ivl_30", 3 0, L_000002019034e9e0;  1 drivers
v000002019032f6d0_0 .net *"_ivl_32", 0 0, L_000002019034a0f0;  1 drivers
L_000002019034ea28 .functor BUFT 1, C4<0010010>, C4<0>, C4<0>, C4<0>;
v000002019032d150_0 .net/2u *"_ivl_34", 6 0, L_000002019034ea28;  1 drivers
L_000002019034ea70 .functor BUFT 1, C4<0110>, C4<0>, C4<0>, C4<0>;
v000002019032e0f0_0 .net/2u *"_ivl_36", 3 0, L_000002019034ea70;  1 drivers
v000002019032f310_0 .net *"_ivl_38", 0 0, L_0000020190348cf0;  1 drivers
L_000002019034e758 .functor BUFT 1, C4<1000000>, C4<0>, C4<0>, C4<0>;
v000002019032d1f0_0 .net/2u *"_ivl_4", 6 0, L_000002019034e758;  1 drivers
L_000002019034eab8 .functor BUFT 1, C4<0000010>, C4<0>, C4<0>, C4<0>;
v000002019032e5f0_0 .net/2u *"_ivl_40", 6 0, L_000002019034eab8;  1 drivers
L_000002019034eb00 .functor BUFT 1, C4<0111>, C4<0>, C4<0>, C4<0>;
v000002019032e9b0_0 .net/2u *"_ivl_42", 3 0, L_000002019034eb00;  1 drivers
v000002019032e370_0 .net *"_ivl_44", 0 0, L_0000020190348570;  1 drivers
L_000002019034eb48 .functor BUFT 1, C4<1111000>, C4<0>, C4<0>, C4<0>;
v000002019032d970_0 .net/2u *"_ivl_46", 6 0, L_000002019034eb48;  1 drivers
L_000002019034eb90 .functor BUFT 1, C4<1000>, C4<0>, C4<0>, C4<0>;
v000002019032da10_0 .net/2u *"_ivl_48", 3 0, L_000002019034eb90;  1 drivers
v000002019032ed70_0 .net *"_ivl_50", 0 0, L_0000020190348d90;  1 drivers
L_000002019034ebd8 .functor BUFT 1, C4<0000000>, C4<0>, C4<0>, C4<0>;
v000002019032d8d0_0 .net/2u *"_ivl_52", 6 0, L_000002019034ebd8;  1 drivers
L_000002019034ec20 .functor BUFT 1, C4<1001>, C4<0>, C4<0>, C4<0>;
v000002019032d6f0_0 .net/2u *"_ivl_54", 3 0, L_000002019034ec20;  1 drivers
v000002019032e4b0_0 .net *"_ivl_56", 0 0, L_0000020190348430;  1 drivers
L_000002019034ec68 .functor BUFT 1, C4<0011000>, C4<0>, C4<0>, C4<0>;
v000002019032d470_0 .net/2u *"_ivl_58", 6 0, L_000002019034ec68;  1 drivers
L_000002019034e7a0 .functor BUFT 1, C4<0001>, C4<0>, C4<0>, C4<0>;
v000002019032e190_0 .net/2u *"_ivl_6", 3 0, L_000002019034e7a0;  1 drivers
L_000002019034ecb0 .functor BUFT 1, C4<1010>, C4<0>, C4<0>, C4<0>;
v000002019032e230_0 .net/2u *"_ivl_60", 3 0, L_000002019034ecb0;  1 drivers
v000002019032f270_0 .net *"_ivl_62", 0 0, L_000002019034a190;  1 drivers
L_000002019034ecf8 .functor BUFT 1, C4<0001000>, C4<0>, C4<0>, C4<0>;
v000002019032f3b0_0 .net/2u *"_ivl_64", 6 0, L_000002019034ecf8;  1 drivers
L_000002019034ed40 .functor BUFT 1, C4<1011>, C4<0>, C4<0>, C4<0>;
v000002019032e690_0 .net/2u *"_ivl_66", 3 0, L_000002019034ed40;  1 drivers
v000002019032f590_0 .net *"_ivl_68", 0 0, L_0000020190348e30;  1 drivers
L_000002019034ed88 .functor BUFT 1, C4<0000011>, C4<0>, C4<0>, C4<0>;
v000002019032d830_0 .net/2u *"_ivl_70", 6 0, L_000002019034ed88;  1 drivers
L_000002019034edd0 .functor BUFT 1, C4<1100>, C4<0>, C4<0>, C4<0>;
v000002019032d0b0_0 .net/2u *"_ivl_72", 3 0, L_000002019034edd0;  1 drivers
v000002019032d510_0 .net *"_ivl_74", 0 0, L_000002019034a230;  1 drivers
L_000002019034ee18 .functor BUFT 1, C4<1000110>, C4<0>, C4<0>, C4<0>;
v000002019032e730_0 .net/2u *"_ivl_76", 6 0, L_000002019034ee18;  1 drivers
L_000002019034ee60 .functor BUFT 1, C4<1101>, C4<0>, C4<0>, C4<0>;
v000002019032dab0_0 .net/2u *"_ivl_78", 3 0, L_000002019034ee60;  1 drivers
v000002019032db50_0 .net *"_ivl_8", 0 0, L_0000020190349d30;  1 drivers
v000002019032eeb0_0 .net *"_ivl_80", 0 0, L_0000020190348610;  1 drivers
L_000002019034eea8 .functor BUFT 1, C4<0100001>, C4<0>, C4<0>, C4<0>;
v000002019032dbf0_0 .net/2u *"_ivl_82", 6 0, L_000002019034eea8;  1 drivers
L_000002019034eef0 .functor BUFT 1, C4<1110>, C4<0>, C4<0>, C4<0>;
v000002019032f630_0 .net/2u *"_ivl_84", 3 0, L_000002019034eef0;  1 drivers
v000002019032e7d0_0 .net *"_ivl_86", 0 0, L_0000020190348f70;  1 drivers
L_000002019034ef38 .functor BUFT 1, C4<0000110>, C4<0>, C4<0>, C4<0>;
v000002019032d5b0_0 .net/2u *"_ivl_88", 6 0, L_000002019034ef38;  1 drivers
L_000002019034ef80 .functor BUFT 1, C4<0001110>, C4<0>, C4<0>, C4<0>;
v000002019032d650_0 .net/2u *"_ivl_90", 6 0, L_000002019034ef80;  1 drivers
v000002019032d790_0 .net *"_ivl_92", 6 0, L_0000020190349290;  1 drivers
v000002019032d290_0 .net *"_ivl_94", 6 0, L_000002019034a5f0;  1 drivers
v000002019032eff0_0 .net *"_ivl_96", 6 0, L_0000020190349470;  1 drivers
v000002019032dc90_0 .net *"_ivl_98", 6 0, L_0000020190349510;  1 drivers
v000002019032e2d0_0 .net "c_i", 3 0, L_0000020190347490;  alias, 1 drivers
v000002019032dd30_0 .net "disp_o", 6 0, L_000002019034a9b0;  alias, 1 drivers
L_00000201903491f0 .cmp/eq 4, L_0000020190347490, L_000002019034e710;
L_0000020190349d30 .cmp/eq 4, L_0000020190347490, L_000002019034e7a0;
L_0000020190349f10 .cmp/eq 4, L_0000020190347490, L_000002019034e830;
L_000002019034a410 .cmp/eq 4, L_0000020190347490, L_000002019034e8c0;
L_0000020190348c50 .cmp/eq 4, L_0000020190347490, L_000002019034e950;
L_000002019034a0f0 .cmp/eq 4, L_0000020190347490, L_000002019034e9e0;
L_0000020190348cf0 .cmp/eq 4, L_0000020190347490, L_000002019034ea70;
L_0000020190348570 .cmp/eq 4, L_0000020190347490, L_000002019034eb00;
L_0000020190348d90 .cmp/eq 4, L_0000020190347490, L_000002019034eb90;
L_0000020190348430 .cmp/eq 4, L_0000020190347490, L_000002019034ec20;
L_000002019034a190 .cmp/eq 4, L_0000020190347490, L_000002019034ecb0;
L_0000020190348e30 .cmp/eq 4, L_0000020190347490, L_000002019034ed40;
L_000002019034a230 .cmp/eq 4, L_0000020190347490, L_000002019034edd0;
L_0000020190348610 .cmp/eq 4, L_0000020190347490, L_000002019034ee60;
L_0000020190348f70 .cmp/eq 4, L_0000020190347490, L_000002019034eef0;
L_0000020190349290 .functor MUXZ 7, L_000002019034ef80, L_000002019034ef38, L_0000020190348f70, C4<>;
L_000002019034a5f0 .functor MUXZ 7, L_0000020190349290, L_000002019034eea8, L_0000020190348610, C4<>;
L_0000020190349470 .functor MUXZ 7, L_000002019034a5f0, L_000002019034ee18, L_000002019034a230, C4<>;
L_0000020190349510 .functor MUXZ 7, L_0000020190349470, L_000002019034ed88, L_0000020190348e30, C4<>;
L_0000020190348390 .functor MUXZ 7, L_0000020190349510, L_000002019034ecf8, L_000002019034a190, C4<>;
L_000002019034a730 .functor MUXZ 7, L_0000020190348390, L_000002019034ec68, L_0000020190348430, C4<>;
L_000002019034a7d0 .functor MUXZ 7, L_000002019034a730, L_000002019034ebd8, L_0000020190348d90, C4<>;
L_0000020190348250 .functor MUXZ 7, L_000002019034a7d0, L_000002019034eb48, L_0000020190348570, C4<>;
L_00000201903484d0 .functor MUXZ 7, L_0000020190348250, L_000002019034eab8, L_0000020190348cf0, C4<>;
L_00000201903486b0 .functor MUXZ 7, L_00000201903484d0, L_000002019034ea28, L_000002019034a0f0, C4<>;
L_000002019034aa50 .functor MUXZ 7, L_00000201903486b0, L_000002019034e998, L_0000020190348c50, C4<>;
L_000002019034aeb0 .functor MUXZ 7, L_000002019034aa50, L_000002019034e908, L_000002019034a410, C4<>;
L_000002019034af50 .functor MUXZ 7, L_000002019034aeb0, L_000002019034e878, L_0000020190349f10, C4<>;
L_000002019034aaf0 .functor MUXZ 7, L_000002019034af50, L_000002019034e7e8, L_0000020190349d30, C4<>;
L_000002019034a9b0 .functor MUXZ 7, L_000002019034aaf0, L_000002019034e758, L_00000201903491f0, C4<>;
S_00000201901f2b80 .scope module, "segs3" "hex7seg" 3 130, 7 3 0, S_000002019023d1e0;
 .timescale 0 -2;
    .port_info 0 /INPUT 4 "c_i";
    .port_info 1 /OUTPUT 7 "disp_o";
L_000002019034efc8 .functor BUFT 1, C4<0000>, C4<0>, C4<0>, C4<0>;
v000002019032de70_0 .net/2u *"_ivl_0", 3 0, L_000002019034efc8;  1 drivers
L_000002019034f0a0 .functor BUFT 1, C4<1111001>, C4<0>, C4<0>, C4<0>;
v000002019032ddd0_0 .net/2u *"_ivl_10", 6 0, L_000002019034f0a0;  1 drivers
v000002019032e910_0 .net *"_ivl_100", 6 0, L_0000020190344fb0;  1 drivers
v000002019032f130_0 .net *"_ivl_102", 6 0, L_0000020190343ed0;  1 drivers
v000002019032e410_0 .net *"_ivl_104", 6 0, L_00000201903434d0;  1 drivers
v000002019032e870_0 .net *"_ivl_106", 6 0, L_0000020190343cf0;  1 drivers
v000002019032ef50_0 .net *"_ivl_108", 6 0, L_0000020190344330;  1 drivers
v000002019032df10_0 .net *"_ivl_110", 6 0, L_0000020190343e30;  1 drivers
v000002019032dfb0_0 .net *"_ivl_112", 6 0, L_0000020190344970;  1 drivers
v000002019032ea50_0 .net *"_ivl_114", 6 0, L_00000201903455f0;  1 drivers
v000002019032f770_0 .net *"_ivl_116", 6 0, L_0000020190343430;  1 drivers
v000002019032ecd0_0 .net *"_ivl_118", 6 0, L_00000201903432f0;  1 drivers
L_000002019034f0e8 .functor BUFT 1, C4<0010>, C4<0>, C4<0>, C4<0>;
v000002019032ec30_0 .net/2u *"_ivl_12", 3 0, L_000002019034f0e8;  1 drivers
v000002019032f450_0 .net *"_ivl_14", 0 0, L_000002019034a910;  1 drivers
L_000002019034f130 .functor BUFT 1, C4<0100100>, C4<0>, C4<0>, C4<0>;
v000002019032f810_0 .net/2u *"_ivl_16", 6 0, L_000002019034f130;  1 drivers
L_000002019034f178 .functor BUFT 1, C4<0011>, C4<0>, C4<0>, C4<0>;
v000002019032e050_0 .net/2u *"_ivl_18", 3 0, L_000002019034f178;  1 drivers
v000002019032eaf0_0 .net *"_ivl_2", 0 0, L_000002019034aff0;  1 drivers
v000002019032f4f0_0 .net *"_ivl_20", 0 0, L_000002019034ab90;  1 drivers
L_000002019034f1c0 .functor BUFT 1, C4<0110000>, C4<0>, C4<0>, C4<0>;
v000002019032d330_0 .net/2u *"_ivl_22", 6 0, L_000002019034f1c0;  1 drivers
L_000002019034f208 .functor BUFT 1, C4<0100>, C4<0>, C4<0>, C4<0>;
v000002019032eb90_0 .net/2u *"_ivl_24", 3 0, L_000002019034f208;  1 drivers
v000002019032ee10_0 .net *"_ivl_26", 0 0, L_000002019034ae10;  1 drivers
L_000002019034f250 .functor BUFT 1, C4<0011001>, C4<0>, C4<0>, C4<0>;
v000002019032f1d0_0 .net/2u *"_ivl_28", 6 0, L_000002019034f250;  1 drivers
L_000002019034f298 .functor BUFT 1, C4<0101>, C4<0>, C4<0>, C4<0>;
v0000020190330c10_0 .net/2u *"_ivl_30", 3 0, L_000002019034f298;  1 drivers
v000002019032ff90_0 .net *"_ivl_32", 0 0, L_000002019034ac30;  1 drivers
L_000002019034f2e0 .functor BUFT 1, C4<0010010>, C4<0>, C4<0>, C4<0>;
v000002019032f9f0_0 .net/2u *"_ivl_34", 6 0, L_000002019034f2e0;  1 drivers
L_000002019034f328 .functor BUFT 1, C4<0110>, C4<0>, C4<0>, C4<0>;
v0000020190330490_0 .net/2u *"_ivl_36", 3 0, L_000002019034f328;  1 drivers
v000002019032fa90_0 .net *"_ivl_38", 0 0, L_000002019034acd0;  1 drivers
L_000002019034f010 .functor BUFT 1, C4<1000000>, C4<0>, C4<0>, C4<0>;
v0000020190330530_0 .net/2u *"_ivl_4", 6 0, L_000002019034f010;  1 drivers
L_000002019034f370 .functor BUFT 1, C4<0000010>, C4<0>, C4<0>, C4<0>;
v0000020190330ad0_0 .net/2u *"_ivl_40", 6 0, L_000002019034f370;  1 drivers
L_000002019034f3b8 .functor BUFT 1, C4<0111>, C4<0>, C4<0>, C4<0>;
v0000020190330e90_0 .net/2u *"_ivl_42", 3 0, L_000002019034f3b8;  1 drivers
v0000020190330030_0 .net *"_ivl_44", 0 0, L_00000201903440b0;  1 drivers
L_000002019034f400 .functor BUFT 1, C4<1111000>, C4<0>, C4<0>, C4<0>;
v0000020190330210_0 .net/2u *"_ivl_46", 6 0, L_000002019034f400;  1 drivers
L_000002019034f448 .functor BUFT 1, C4<1000>, C4<0>, C4<0>, C4<0>;
v0000020190330cb0_0 .net/2u *"_ivl_48", 3 0, L_000002019034f448;  1 drivers
v000002019032fb30_0 .net *"_ivl_50", 0 0, L_0000020190344dd0;  1 drivers
L_000002019034f490 .functor BUFT 1, C4<0000000>, C4<0>, C4<0>, C4<0>;
v00000201903305d0_0 .net/2u *"_ivl_52", 6 0, L_000002019034f490;  1 drivers
L_000002019034f4d8 .functor BUFT 1, C4<1001>, C4<0>, C4<0>, C4<0>;
v0000020190330710_0 .net/2u *"_ivl_54", 3 0, L_000002019034f4d8;  1 drivers
v0000020190330350_0 .net *"_ivl_56", 0 0, L_0000020190345050;  1 drivers
L_000002019034f520 .functor BUFT 1, C4<0011000>, C4<0>, C4<0>, C4<0>;
v000002019032fdb0_0 .net/2u *"_ivl_58", 6 0, L_000002019034f520;  1 drivers
L_000002019034f058 .functor BUFT 1, C4<0001>, C4<0>, C4<0>, C4<0>;
v000002019032fe50_0 .net/2u *"_ivl_6", 3 0, L_000002019034f058;  1 drivers
L_000002019034f568 .functor BUFT 1, C4<1010>, C4<0>, C4<0>, C4<0>;
v00000201903308f0_0 .net/2u *"_ivl_60", 3 0, L_000002019034f568;  1 drivers
v0000020190330d50_0 .net *"_ivl_62", 0 0, L_00000201903454b0;  1 drivers
L_000002019034f5b0 .functor BUFT 1, C4<0001000>, C4<0>, C4<0>, C4<0>;
v000002019032fc70_0 .net/2u *"_ivl_64", 6 0, L_000002019034f5b0;  1 drivers
L_000002019034f5f8 .functor BUFT 1, C4<1011>, C4<0>, C4<0>, C4<0>;
v00000201903303f0_0 .net/2u *"_ivl_66", 3 0, L_000002019034f5f8;  1 drivers
v0000020190330850_0 .net *"_ivl_68", 0 0, L_0000020190343d90;  1 drivers
L_000002019034f640 .functor BUFT 1, C4<0000011>, C4<0>, C4<0>, C4<0>;
v00000201903302b0_0 .net/2u *"_ivl_70", 6 0, L_000002019034f640;  1 drivers
L_000002019034f688 .functor BUFT 1, C4<1100>, C4<0>, C4<0>, C4<0>;
v0000020190330670_0 .net/2u *"_ivl_72", 3 0, L_000002019034f688;  1 drivers
v0000020190330f30_0 .net *"_ivl_74", 0 0, L_00000201903436b0;  1 drivers
L_000002019034f6d0 .functor BUFT 1, C4<1000110>, C4<0>, C4<0>, C4<0>;
v00000201903307b0_0 .net/2u *"_ivl_76", 6 0, L_000002019034f6d0;  1 drivers
L_000002019034f718 .functor BUFT 1, C4<1101>, C4<0>, C4<0>, C4<0>;
v0000020190330990_0 .net/2u *"_ivl_78", 3 0, L_000002019034f718;  1 drivers
v00000201903300d0_0 .net *"_ivl_8", 0 0, L_000002019034ad70;  1 drivers
v0000020190330b70_0 .net *"_ivl_80", 0 0, L_0000020190345730;  1 drivers
L_000002019034f760 .functor BUFT 1, C4<0100001>, C4<0>, C4<0>, C4<0>;
v0000020190330a30_0 .net/2u *"_ivl_82", 6 0, L_000002019034f760;  1 drivers
L_000002019034f7a8 .functor BUFT 1, C4<1110>, C4<0>, C4<0>, C4<0>;
v0000020190330df0_0 .net/2u *"_ivl_84", 3 0, L_000002019034f7a8;  1 drivers
v0000020190330170_0 .net *"_ivl_86", 0 0, L_0000020190344150;  1 drivers
L_000002019034f7f0 .functor BUFT 1, C4<0000110>, C4<0>, C4<0>, C4<0>;
v000002019032f8b0_0 .net/2u *"_ivl_88", 6 0, L_000002019034f7f0;  1 drivers
L_000002019034f838 .functor BUFT 1, C4<0001110>, C4<0>, C4<0>, C4<0>;
v000002019032fef0_0 .net/2u *"_ivl_90", 6 0, L_000002019034f838;  1 drivers
v000002019032f950_0 .net *"_ivl_92", 6 0, L_0000020190345370;  1 drivers
v000002019032fbd0_0 .net *"_ivl_94", 6 0, L_0000020190344510;  1 drivers
v000002019032fd10_0 .net *"_ivl_96", 6 0, L_0000020190344d30;  1 drivers
v0000020190333320_0 .net *"_ivl_98", 6 0, L_00000201903448d0;  1 drivers
v0000020190332d80_0 .net "c_i", 3 0, L_0000020190347a30;  alias, 1 drivers
v0000020190332ba0_0 .net "disp_o", 6 0, L_00000201903450f0;  alias, 1 drivers
L_000002019034aff0 .cmp/eq 4, L_0000020190347a30, L_000002019034efc8;
L_000002019034ad70 .cmp/eq 4, L_0000020190347a30, L_000002019034f058;
L_000002019034a910 .cmp/eq 4, L_0000020190347a30, L_000002019034f0e8;
L_000002019034ab90 .cmp/eq 4, L_0000020190347a30, L_000002019034f178;
L_000002019034ae10 .cmp/eq 4, L_0000020190347a30, L_000002019034f208;
L_000002019034ac30 .cmp/eq 4, L_0000020190347a30, L_000002019034f298;
L_000002019034acd0 .cmp/eq 4, L_0000020190347a30, L_000002019034f328;
L_00000201903440b0 .cmp/eq 4, L_0000020190347a30, L_000002019034f3b8;
L_0000020190344dd0 .cmp/eq 4, L_0000020190347a30, L_000002019034f448;
L_0000020190345050 .cmp/eq 4, L_0000020190347a30, L_000002019034f4d8;
L_00000201903454b0 .cmp/eq 4, L_0000020190347a30, L_000002019034f568;
L_0000020190343d90 .cmp/eq 4, L_0000020190347a30, L_000002019034f5f8;
L_00000201903436b0 .cmp/eq 4, L_0000020190347a30, L_000002019034f688;
L_0000020190345730 .cmp/eq 4, L_0000020190347a30, L_000002019034f718;
L_0000020190344150 .cmp/eq 4, L_0000020190347a30, L_000002019034f7a8;
L_0000020190345370 .functor MUXZ 7, L_000002019034f838, L_000002019034f7f0, L_0000020190344150, C4<>;
L_0000020190344510 .functor MUXZ 7, L_0000020190345370, L_000002019034f760, L_0000020190345730, C4<>;
L_0000020190344d30 .functor MUXZ 7, L_0000020190344510, L_000002019034f6d0, L_00000201903436b0, C4<>;
L_00000201903448d0 .functor MUXZ 7, L_0000020190344d30, L_000002019034f640, L_0000020190343d90, C4<>;
L_0000020190344fb0 .functor MUXZ 7, L_00000201903448d0, L_000002019034f5b0, L_00000201903454b0, C4<>;
L_0000020190343ed0 .functor MUXZ 7, L_0000020190344fb0, L_000002019034f520, L_0000020190345050, C4<>;
L_00000201903434d0 .functor MUXZ 7, L_0000020190343ed0, L_000002019034f490, L_0000020190344dd0, C4<>;
L_0000020190343cf0 .functor MUXZ 7, L_00000201903434d0, L_000002019034f400, L_00000201903440b0, C4<>;
L_0000020190344330 .functor MUXZ 7, L_0000020190343cf0, L_000002019034f370, L_000002019034acd0, C4<>;
L_0000020190343e30 .functor MUXZ 7, L_0000020190344330, L_000002019034f2e0, L_000002019034ac30, C4<>;
L_0000020190344970 .functor MUXZ 7, L_0000020190343e30, L_000002019034f250, L_000002019034ae10, C4<>;
L_00000201903455f0 .functor MUXZ 7, L_0000020190344970, L_000002019034f1c0, L_000002019034ab90, C4<>;
L_0000020190343430 .functor MUXZ 7, L_00000201903455f0, L_000002019034f130, L_000002019034a910, C4<>;
L_00000201903432f0 .functor MUXZ 7, L_0000020190343430, L_000002019034f0a0, L_000002019034ad70, C4<>;
L_00000201903450f0 .functor MUXZ 7, L_00000201903432f0, L_000002019034f010, L_000002019034aff0, C4<>;
S_00000201902cb1c0 .scope module, "segs4" "hex7seg" 3 134, 7 3 0, S_000002019023d1e0;
 .timescale 0 -2;
    .port_info 0 /INPUT 4 "c_i";
    .port_info 1 /OUTPUT 7 "disp_o";
L_000002019034f880 .functor BUFT 1, C4<0000>, C4<0>, C4<0>, C4<0>;
v0000020190331fc0_0 .net/2u *"_ivl_0", 3 0, L_000002019034f880;  1 drivers
L_000002019034f958 .functor BUFT 1, C4<1111001>, C4<0>, C4<0>, C4<0>;
v0000020190332880_0 .net/2u *"_ivl_10", 6 0, L_000002019034f958;  1 drivers
v0000020190332a60_0 .net *"_ivl_100", 6 0, L_0000020190345190;  1 drivers
v00000201903333c0_0 .net *"_ivl_102", 6 0, L_0000020190344650;  1 drivers
v00000201903315c0_0 .net *"_ivl_104", 6 0, L_0000020190343c50;  1 drivers
v00000201903329c0_0 .net *"_ivl_106", 6 0, L_00000201903445b0;  1 drivers
v0000020190332060_0 .net *"_ivl_108", 6 0, L_0000020190343a70;  1 drivers
v0000020190331ca0_0 .net *"_ivl_110", 6 0, L_0000020190344ab0;  1 drivers
v0000020190332e20_0 .net *"_ivl_112", 6 0, L_00000201903437f0;  1 drivers
v0000020190331d40_0 .net *"_ivl_114", 6 0, L_0000020190343b10;  1 drivers
v0000020190331980_0 .net *"_ivl_116", 6 0, L_00000201903431b0;  1 drivers
v0000020190331660_0 .net *"_ivl_118", 6 0, L_00000201903446f0;  1 drivers
L_000002019034f9a0 .functor BUFT 1, C4<0010>, C4<0>, C4<0>, C4<0>;
v00000201903330a0_0 .net/2u *"_ivl_12", 3 0, L_000002019034f9a0;  1 drivers
v00000201903336e0_0 .net *"_ivl_14", 0 0, L_0000020190343890;  1 drivers
L_000002019034f9e8 .functor BUFT 1, C4<0100100>, C4<0>, C4<0>, C4<0>;
v0000020190332920_0 .net/2u *"_ivl_16", 6 0, L_000002019034f9e8;  1 drivers
L_000002019034fa30 .functor BUFT 1, C4<0011>, C4<0>, C4<0>, C4<0>;
v0000020190332f60_0 .net/2u *"_ivl_18", 3 0, L_000002019034fa30;  1 drivers
v0000020190331700_0 .net *"_ivl_2", 0 0, L_0000020190344010;  1 drivers
v0000020190332b00_0 .net *"_ivl_20", 0 0, L_0000020190343250;  1 drivers
L_000002019034fa78 .functor BUFT 1, C4<0110000>, C4<0>, C4<0>, C4<0>;
v0000020190333140_0 .net/2u *"_ivl_22", 6 0, L_000002019034fa78;  1 drivers
L_000002019034fac0 .functor BUFT 1, C4<0100>, C4<0>, C4<0>, C4<0>;
v0000020190332c40_0 .net/2u *"_ivl_24", 3 0, L_000002019034fac0;  1 drivers
v00000201903324c0_0 .net *"_ivl_26", 0 0, L_0000020190344f10;  1 drivers
L_000002019034fb08 .functor BUFT 1, C4<0011001>, C4<0>, C4<0>, C4<0>;
v0000020190332ce0_0 .net/2u *"_ivl_28", 6 0, L_000002019034fb08;  1 drivers
L_000002019034fb50 .functor BUFT 1, C4<0101>, C4<0>, C4<0>, C4<0>;
v0000020190331de0_0 .net/2u *"_ivl_30", 3 0, L_000002019034fb50;  1 drivers
v0000020190333780_0 .net *"_ivl_32", 0 0, L_0000020190343750;  1 drivers
L_000002019034fb98 .functor BUFT 1, C4<0010010>, C4<0>, C4<0>, C4<0>;
v0000020190331160_0 .net/2u *"_ivl_34", 6 0, L_000002019034fb98;  1 drivers
L_000002019034fbe0 .functor BUFT 1, C4<0110>, C4<0>, C4<0>, C4<0>;
v0000020190332380_0 .net/2u *"_ivl_36", 3 0, L_000002019034fbe0;  1 drivers
v0000020190332420_0 .net *"_ivl_38", 0 0, L_0000020190343610;  1 drivers
L_000002019034f8c8 .functor BUFT 1, C4<1000000>, C4<0>, C4<0>, C4<0>;
v0000020190332ec0_0 .net/2u *"_ivl_4", 6 0, L_000002019034f8c8;  1 drivers
L_000002019034fc28 .functor BUFT 1, C4<0000010>, C4<0>, C4<0>, C4<0>;
v0000020190331840_0 .net/2u *"_ivl_40", 6 0, L_000002019034fc28;  1 drivers
L_000002019034fc70 .functor BUFT 1, C4<0111>, C4<0>, C4<0>, C4<0>;
v00000201903318e0_0 .net/2u *"_ivl_42", 3 0, L_000002019034fc70;  1 drivers
v0000020190333000_0 .net *"_ivl_44", 0 0, L_0000020190343110;  1 drivers
L_000002019034fcb8 .functor BUFT 1, C4<1111000>, C4<0>, C4<0>, C4<0>;
v0000020190333460_0 .net/2u *"_ivl_46", 6 0, L_000002019034fcb8;  1 drivers
L_000002019034fd00 .functor BUFT 1, C4<1000>, C4<0>, C4<0>, C4<0>;
v00000201903331e0_0 .net/2u *"_ivl_48", 3 0, L_000002019034fd00;  1 drivers
v0000020190331480_0 .net *"_ivl_50", 0 0, L_0000020190343f70;  1 drivers
L_000002019034fd48 .functor BUFT 1, C4<0000000>, C4<0>, C4<0>, C4<0>;
v0000020190333640_0 .net/2u *"_ivl_52", 6 0, L_000002019034fd48;  1 drivers
L_000002019034fd90 .functor BUFT 1, C4<1001>, C4<0>, C4<0>, C4<0>;
v0000020190331a20_0 .net/2u *"_ivl_54", 3 0, L_000002019034fd90;  1 drivers
v0000020190333280_0 .net *"_ivl_56", 0 0, L_0000020190343930;  1 drivers
L_000002019034fdd8 .functor BUFT 1, C4<0011000>, C4<0>, C4<0>, C4<0>;
v0000020190333500_0 .net/2u *"_ivl_58", 6 0, L_000002019034fdd8;  1 drivers
L_000002019034f910 .functor BUFT 1, C4<0001>, C4<0>, C4<0>, C4<0>;
v0000020190332100_0 .net/2u *"_ivl_6", 3 0, L_000002019034f910;  1 drivers
L_000002019034fe20 .functor BUFT 1, C4<1010>, C4<0>, C4<0>, C4<0>;
v00000201903321a0_0 .net/2u *"_ivl_60", 3 0, L_000002019034fe20;  1 drivers
v0000020190331ac0_0 .net *"_ivl_62", 0 0, L_0000020190344290;  1 drivers
L_000002019034fe68 .functor BUFT 1, C4<0001000>, C4<0>, C4<0>, C4<0>;
v00000201903335a0_0 .net/2u *"_ivl_64", 6 0, L_000002019034fe68;  1 drivers
L_000002019034feb0 .functor BUFT 1, C4<1011>, C4<0>, C4<0>, C4<0>;
v0000020190333820_0 .net/2u *"_ivl_66", 3 0, L_000002019034feb0;  1 drivers
v0000020190331b60_0 .net *"_ivl_68", 0 0, L_0000020190343570;  1 drivers
L_000002019034fef8 .functor BUFT 1, C4<0000011>, C4<0>, C4<0>, C4<0>;
v00000201903312a0_0 .net/2u *"_ivl_70", 6 0, L_000002019034fef8;  1 drivers
L_000002019034ff40 .functor BUFT 1, C4<1100>, C4<0>, C4<0>, C4<0>;
v00000201903310c0_0 .net/2u *"_ivl_72", 3 0, L_000002019034ff40;  1 drivers
v0000020190331200_0 .net *"_ivl_74", 0 0, L_0000020190345550;  1 drivers
L_000002019034ff88 .functor BUFT 1, C4<1000110>, C4<0>, C4<0>, C4<0>;
v0000020190331340_0 .net/2u *"_ivl_76", 6 0, L_000002019034ff88;  1 drivers
L_000002019034ffd0 .functor BUFT 1, C4<1101>, C4<0>, C4<0>, C4<0>;
v00000201903313e0_0 .net/2u *"_ivl_78", 3 0, L_000002019034ffd0;  1 drivers
v0000020190331520_0 .net *"_ivl_8", 0 0, L_0000020190345690;  1 drivers
v00000201903317a0_0 .net *"_ivl_80", 0 0, L_00000201903443d0;  1 drivers
L_0000020190350018 .functor BUFT 1, C4<0100001>, C4<0>, C4<0>, C4<0>;
v0000020190332240_0 .net/2u *"_ivl_82", 6 0, L_0000020190350018;  1 drivers
L_0000020190350060 .functor BUFT 1, C4<1110>, C4<0>, C4<0>, C4<0>;
v0000020190332560_0 .net/2u *"_ivl_84", 3 0, L_0000020190350060;  1 drivers
v0000020190331c00_0 .net *"_ivl_86", 0 0, L_00000201903439d0;  1 drivers
L_00000201903500a8 .functor BUFT 1, C4<0000110>, C4<0>, C4<0>, C4<0>;
v0000020190331e80_0 .net/2u *"_ivl_88", 6 0, L_00000201903500a8;  1 drivers
L_00000201903500f0 .functor BUFT 1, C4<0001110>, C4<0>, C4<0>, C4<0>;
v0000020190332600_0 .net/2u *"_ivl_90", 6 0, L_00000201903500f0;  1 drivers
v0000020190331f20_0 .net *"_ivl_92", 6 0, L_0000020190344a10;  1 drivers
v00000201903322e0_0 .net *"_ivl_94", 6 0, L_0000020190344e70;  1 drivers
v00000201903326a0_0 .net *"_ivl_96", 6 0, L_00000201903441f0;  1 drivers
v0000020190332740_0 .net *"_ivl_98", 6 0, L_0000020190344470;  1 drivers
v00000201903327e0_0 .net "c_i", 3 0, L_0000020190347030;  alias, 1 drivers
v00000201903344a0_0 .net "disp_o", 6 0, L_0000020190343bb0;  alias, 1 drivers
L_0000020190344010 .cmp/eq 4, L_0000020190347030, L_000002019034f880;
L_0000020190345690 .cmp/eq 4, L_0000020190347030, L_000002019034f910;
L_0000020190343890 .cmp/eq 4, L_0000020190347030, L_000002019034f9a0;
L_0000020190343250 .cmp/eq 4, L_0000020190347030, L_000002019034fa30;
L_0000020190344f10 .cmp/eq 4, L_0000020190347030, L_000002019034fac0;
L_0000020190343750 .cmp/eq 4, L_0000020190347030, L_000002019034fb50;
L_0000020190343610 .cmp/eq 4, L_0000020190347030, L_000002019034fbe0;
L_0000020190343110 .cmp/eq 4, L_0000020190347030, L_000002019034fc70;
L_0000020190343f70 .cmp/eq 4, L_0000020190347030, L_000002019034fd00;
L_0000020190343930 .cmp/eq 4, L_0000020190347030, L_000002019034fd90;
L_0000020190344290 .cmp/eq 4, L_0000020190347030, L_000002019034fe20;
L_0000020190343570 .cmp/eq 4, L_0000020190347030, L_000002019034feb0;
L_0000020190345550 .cmp/eq 4, L_0000020190347030, L_000002019034ff40;
L_00000201903443d0 .cmp/eq 4, L_0000020190347030, L_000002019034ffd0;
L_00000201903439d0 .cmp/eq 4, L_0000020190347030, L_0000020190350060;
L_0000020190344a10 .functor MUXZ 7, L_00000201903500f0, L_00000201903500a8, L_00000201903439d0, C4<>;
L_0000020190344e70 .functor MUXZ 7, L_0000020190344a10, L_0000020190350018, L_00000201903443d0, C4<>;
L_00000201903441f0 .functor MUXZ 7, L_0000020190344e70, L_000002019034ff88, L_0000020190345550, C4<>;
L_0000020190344470 .functor MUXZ 7, L_00000201903441f0, L_000002019034fef8, L_0000020190343570, C4<>;
L_0000020190345190 .functor MUXZ 7, L_0000020190344470, L_000002019034fe68, L_0000020190344290, C4<>;
L_0000020190344650 .functor MUXZ 7, L_0000020190345190, L_000002019034fdd8, L_0000020190343930, C4<>;
L_0000020190343c50 .functor MUXZ 7, L_0000020190344650, L_000002019034fd48, L_0000020190343f70, C4<>;
L_00000201903445b0 .functor MUXZ 7, L_0000020190343c50, L_000002019034fcb8, L_0000020190343110, C4<>;
L_0000020190343a70 .functor MUXZ 7, L_00000201903445b0, L_000002019034fc28, L_0000020190343610, C4<>;
L_0000020190344ab0 .functor MUXZ 7, L_0000020190343a70, L_000002019034fb98, L_0000020190343750, C4<>;
L_00000201903437f0 .functor MUXZ 7, L_0000020190344ab0, L_000002019034fb08, L_0000020190344f10, C4<>;
L_0000020190343b10 .functor MUXZ 7, L_00000201903437f0, L_000002019034fa78, L_0000020190343250, C4<>;
L_00000201903431b0 .functor MUXZ 7, L_0000020190343b10, L_000002019034f9e8, L_0000020190343890, C4<>;
L_00000201903446f0 .functor MUXZ 7, L_00000201903431b0, L_000002019034f958, L_0000020190345690, C4<>;
L_0000020190343bb0 .functor MUXZ 7, L_00000201903446f0, L_000002019034f8c8, L_0000020190344010, C4<>;
S_00000201902cb560 .scope module, "segs6" "hex7seg" 3 142, 7 3 0, S_000002019023d1e0;
 .timescale 0 -2;
    .port_info 0 /INPUT 4 "c_i";
    .port_info 1 /OUTPUT 7 "disp_o";
L_00000201903509f0 .functor BUFT 1, C4<0000>, C4<0>, C4<0>, C4<0>;
v0000020190334a40_0 .net/2u *"_ivl_0", 3 0, L_00000201903509f0;  1 drivers
L_0000020190350ac8 .functor BUFT 1, C4<1111001>, C4<0>, C4<0>, C4<0>;
v0000020190333b40_0 .net/2u *"_ivl_10", 6 0, L_0000020190350ac8;  1 drivers
v0000020190333be0_0 .net *"_ivl_100", 6 0, L_00000201903ae970;  1 drivers
v0000020190333f00_0 .net *"_ivl_102", 6 0, L_00000201903af190;  1 drivers
v0000020190333960_0 .net *"_ivl_104", 6 0, L_00000201903ae510;  1 drivers
v0000020190333fa0_0 .net *"_ivl_106", 6 0, L_00000201903afff0;  1 drivers
v0000020190334220_0 .net *"_ivl_108", 6 0, L_00000201903afcd0;  1 drivers
v0000020190333d20_0 .net *"_ivl_110", 6 0, L_00000201903af0f0;  1 drivers
v0000020190334e00_0 .net *"_ivl_112", 6 0, L_00000201903afaf0;  1 drivers
v0000020190334ae0_0 .net *"_ivl_114", 6 0, L_00000201903af230;  1 drivers
v0000020190334ea0_0 .net *"_ivl_116", 6 0, L_00000201903aef10;  1 drivers
v0000020190334040_0 .net *"_ivl_118", 6 0, L_00000201903aebf0;  1 drivers
L_0000020190350b10 .functor BUFT 1, C4<0010>, C4<0>, C4<0>, C4<0>;
v0000020190333c80_0 .net/2u *"_ivl_12", 3 0, L_0000020190350b10;  1 drivers
v0000020190334360_0 .net *"_ivl_14", 0 0, L_00000201903ae5b0;  1 drivers
L_0000020190350b58 .functor BUFT 1, C4<0100100>, C4<0>, C4<0>, C4<0>;
v0000020190334b80_0 .net/2u *"_ivl_16", 6 0, L_0000020190350b58;  1 drivers
L_0000020190350ba0 .functor BUFT 1, C4<0011>, C4<0>, C4<0>, C4<0>;
v0000020190334400_0 .net/2u *"_ivl_18", 3 0, L_0000020190350ba0;  1 drivers
v0000020190333a00_0 .net *"_ivl_2", 0 0, L_00000201903af550;  1 drivers
v0000020190333dc0_0 .net *"_ivl_20", 0 0, L_00000201903afa50;  1 drivers
L_0000020190350be8 .functor BUFT 1, C4<0110000>, C4<0>, C4<0>, C4<0>;
v00000201903340e0_0 .net/2u *"_ivl_22", 6 0, L_0000020190350be8;  1 drivers
L_0000020190350c30 .functor BUFT 1, C4<0100>, C4<0>, C4<0>, C4<0>;
v0000020190333e60_0 .net/2u *"_ivl_24", 3 0, L_0000020190350c30;  1 drivers
v0000020190334900_0 .net *"_ivl_26", 0 0, L_00000201903aea10;  1 drivers
L_0000020190350c78 .functor BUFT 1, C4<0011001>, C4<0>, C4<0>, C4<0>;
v00000201903345e0_0 .net/2u *"_ivl_28", 6 0, L_0000020190350c78;  1 drivers
L_0000020190350cc0 .functor BUFT 1, C4<0101>, C4<0>, C4<0>, C4<0>;
v00000201903342c0_0 .net/2u *"_ivl_30", 3 0, L_0000020190350cc0;  1 drivers
v00000201903349a0_0 .net *"_ivl_32", 0 0, L_00000201903b0310;  1 drivers
L_0000020190350d08 .functor BUFT 1, C4<0010010>, C4<0>, C4<0>, C4<0>;
v0000020190334c20_0 .net/2u *"_ivl_34", 6 0, L_0000020190350d08;  1 drivers
L_0000020190350d50 .functor BUFT 1, C4<0110>, C4<0>, C4<0>, C4<0>;
v0000020190334540_0 .net/2u *"_ivl_36", 3 0, L_0000020190350d50;  1 drivers
v0000020190333aa0_0 .net *"_ivl_38", 0 0, L_00000201903af5f0;  1 drivers
L_0000020190350a38 .functor BUFT 1, C4<1000000>, C4<0>, C4<0>, C4<0>;
v0000020190334f40_0 .net/2u *"_ivl_4", 6 0, L_0000020190350a38;  1 drivers
L_0000020190350d98 .functor BUFT 1, C4<0000010>, C4<0>, C4<0>, C4<0>;
v0000020190334180_0 .net/2u *"_ivl_40", 6 0, L_0000020190350d98;  1 drivers
L_0000020190350de0 .functor BUFT 1, C4<0111>, C4<0>, C4<0>, C4<0>;
v00000201903338c0_0 .net/2u *"_ivl_42", 3 0, L_0000020190350de0;  1 drivers
v0000020190334680_0 .net *"_ivl_44", 0 0, L_00000201903afd70;  1 drivers
L_0000020190350e28 .functor BUFT 1, C4<1111000>, C4<0>, C4<0>, C4<0>;
v0000020190334720_0 .net/2u *"_ivl_46", 6 0, L_0000020190350e28;  1 drivers
L_0000020190350e70 .functor BUFT 1, C4<1000>, C4<0>, C4<0>, C4<0>;
v00000201903347c0_0 .net/2u *"_ivl_48", 3 0, L_0000020190350e70;  1 drivers
v0000020190334cc0_0 .net *"_ivl_50", 0 0, L_00000201903ae3d0;  1 drivers
L_0000020190350eb8 .functor BUFT 1, C4<0000000>, C4<0>, C4<0>, C4<0>;
v0000020190334860_0 .net/2u *"_ivl_52", 6 0, L_0000020190350eb8;  1 drivers
L_0000020190350f00 .functor BUFT 1, C4<1001>, C4<0>, C4<0>, C4<0>;
v0000020190334d60_0 .net/2u *"_ivl_54", 3 0, L_0000020190350f00;  1 drivers
v0000020190335c10_0 .net *"_ivl_56", 0 0, L_00000201903af730;  1 drivers
L_0000020190350f48 .functor BUFT 1, C4<0011000>, C4<0>, C4<0>, C4<0>;
v0000020190336cf0_0 .net/2u *"_ivl_58", 6 0, L_0000020190350f48;  1 drivers
L_0000020190350a80 .functor BUFT 1, C4<0001>, C4<0>, C4<0>, C4<0>;
v00000201903352b0_0 .net/2u *"_ivl_6", 3 0, L_0000020190350a80;  1 drivers
L_0000020190350f90 .functor BUFT 1, C4<1010>, C4<0>, C4<0>, C4<0>;
v0000020190335210_0 .net/2u *"_ivl_60", 3 0, L_0000020190350f90;  1 drivers
v00000201903366b0_0 .net *"_ivl_62", 0 0, L_00000201903af7d0;  1 drivers
L_0000020190350fd8 .functor BUFT 1, C4<0001000>, C4<0>, C4<0>, C4<0>;
v0000020190336890_0 .net/2u *"_ivl_64", 6 0, L_0000020190350fd8;  1 drivers
L_0000020190351020 .functor BUFT 1, C4<1011>, C4<0>, C4<0>, C4<0>;
v0000020190336110_0 .net/2u *"_ivl_66", 3 0, L_0000020190351020;  1 drivers
v0000020190336570_0 .net *"_ivl_68", 0 0, L_00000201903b09f0;  1 drivers
L_0000020190351068 .functor BUFT 1, C4<0000011>, C4<0>, C4<0>, C4<0>;
v00000201903369d0_0 .net/2u *"_ivl_70", 6 0, L_0000020190351068;  1 drivers
L_00000201903510b0 .functor BUFT 1, C4<1100>, C4<0>, C4<0>, C4<0>;
v0000020190335cb0_0 .net/2u *"_ivl_72", 3 0, L_00000201903510b0;  1 drivers
v0000020190336930_0 .net *"_ivl_74", 0 0, L_00000201903b0810;  1 drivers
L_00000201903510f8 .functor BUFT 1, C4<1000110>, C4<0>, C4<0>, C4<0>;
v0000020190335850_0 .net/2u *"_ivl_76", 6 0, L_00000201903510f8;  1 drivers
L_0000020190351140 .functor BUFT 1, C4<1101>, C4<0>, C4<0>, C4<0>;
v0000020190336750_0 .net/2u *"_ivl_78", 3 0, L_0000020190351140;  1 drivers
v0000020190335350_0 .net *"_ivl_8", 0 0, L_00000201903aedd0;  1 drivers
v0000020190336a70_0 .net *"_ivl_80", 0 0, L_00000201903ae6f0;  1 drivers
L_0000020190351188 .functor BUFT 1, C4<0100001>, C4<0>, C4<0>, C4<0>;
v0000020190335b70_0 .net/2u *"_ivl_82", 6 0, L_0000020190351188;  1 drivers
L_00000201903511d0 .functor BUFT 1, C4<1110>, C4<0>, C4<0>, C4<0>;
v0000020190336b10_0 .net/2u *"_ivl_84", 3 0, L_00000201903511d0;  1 drivers
v0000020190335f30_0 .net *"_ivl_86", 0 0, L_00000201903b0770;  1 drivers
L_0000020190351218 .functor BUFT 1, C4<0000110>, C4<0>, C4<0>, C4<0>;
v0000020190336ed0_0 .net/2u *"_ivl_88", 6 0, L_0000020190351218;  1 drivers
L_0000020190351260 .functor BUFT 1, C4<0001110>, C4<0>, C4<0>, C4<0>;
v0000020190336610_0 .net/2u *"_ivl_90", 6 0, L_0000020190351260;  1 drivers
v00000201903361b0_0 .net *"_ivl_92", 6 0, L_00000201903b0a90;  1 drivers
v0000020190336d90_0 .net *"_ivl_94", 6 0, L_00000201903af050;  1 drivers
v0000020190335d50_0 .net *"_ivl_96", 6 0, L_00000201903ae790;  1 drivers
v00000201903353f0_0 .net *"_ivl_98", 6 0, L_00000201903af9b0;  1 drivers
v0000020190336250_0 .net "c_i", 3 0, L_0000020190347170;  alias, 1 drivers
v00000201903373d0_0 .net "disp_o", 6 0, L_00000201903afeb0;  alias, 1 drivers
L_00000201903af550 .cmp/eq 4, L_0000020190347170, L_00000201903509f0;
L_00000201903aedd0 .cmp/eq 4, L_0000020190347170, L_0000020190350a80;
L_00000201903ae5b0 .cmp/eq 4, L_0000020190347170, L_0000020190350b10;
L_00000201903afa50 .cmp/eq 4, L_0000020190347170, L_0000020190350ba0;
L_00000201903aea10 .cmp/eq 4, L_0000020190347170, L_0000020190350c30;
L_00000201903b0310 .cmp/eq 4, L_0000020190347170, L_0000020190350cc0;
L_00000201903af5f0 .cmp/eq 4, L_0000020190347170, L_0000020190350d50;
L_00000201903afd70 .cmp/eq 4, L_0000020190347170, L_0000020190350de0;
L_00000201903ae3d0 .cmp/eq 4, L_0000020190347170, L_0000020190350e70;
L_00000201903af730 .cmp/eq 4, L_0000020190347170, L_0000020190350f00;
L_00000201903af7d0 .cmp/eq 4, L_0000020190347170, L_0000020190350f90;
L_00000201903b09f0 .cmp/eq 4, L_0000020190347170, L_0000020190351020;
L_00000201903b0810 .cmp/eq 4, L_0000020190347170, L_00000201903510b0;
L_00000201903ae6f0 .cmp/eq 4, L_0000020190347170, L_0000020190351140;
L_00000201903b0770 .cmp/eq 4, L_0000020190347170, L_00000201903511d0;
L_00000201903b0a90 .functor MUXZ 7, L_0000020190351260, L_0000020190351218, L_00000201903b0770, C4<>;
L_00000201903af050 .functor MUXZ 7, L_00000201903b0a90, L_0000020190351188, L_00000201903ae6f0, C4<>;
L_00000201903ae790 .functor MUXZ 7, L_00000201903af050, L_00000201903510f8, L_00000201903b0810, C4<>;
L_00000201903af9b0 .functor MUXZ 7, L_00000201903ae790, L_0000020190351068, L_00000201903b09f0, C4<>;
L_00000201903ae970 .functor MUXZ 7, L_00000201903af9b0, L_0000020190350fd8, L_00000201903af7d0, C4<>;
L_00000201903af190 .functor MUXZ 7, L_00000201903ae970, L_0000020190350f48, L_00000201903af730, C4<>;
L_00000201903ae510 .functor MUXZ 7, L_00000201903af190, L_0000020190350eb8, L_00000201903ae3d0, C4<>;
L_00000201903afff0 .functor MUXZ 7, L_00000201903ae510, L_0000020190350e28, L_00000201903afd70, C4<>;
L_00000201903afcd0 .functor MUXZ 7, L_00000201903afff0, L_0000020190350d98, L_00000201903af5f0, C4<>;
L_00000201903af0f0 .functor MUXZ 7, L_00000201903afcd0, L_0000020190350d08, L_00000201903b0310, C4<>;
L_00000201903afaf0 .functor MUXZ 7, L_00000201903af0f0, L_0000020190350c78, L_00000201903aea10, C4<>;
L_00000201903af230 .functor MUXZ 7, L_00000201903afaf0, L_0000020190350be8, L_00000201903afa50, C4<>;
L_00000201903aef10 .functor MUXZ 7, L_00000201903af230, L_0000020190350b58, L_00000201903ae5b0, C4<>;
L_00000201903aebf0 .functor MUXZ 7, L_00000201903aef10, L_0000020190350ac8, L_00000201903aedd0, C4<>;
L_00000201903afeb0 .functor MUXZ 7, L_00000201903aebf0, L_0000020190350a38, L_00000201903af550, C4<>;
S_00000201902de850 .scope module, "stage0" "cntrStage" 3 52, 8 4 0, S_000002019023d1e0;
 .timescale 0 -2;
    .port_info 0 /INPUT 1 "clk_i";
    .port_info 1 /INPUT 1 "nLoaded_i";
    .port_info 2 /INPUT 1 "loadOrNah";
    .port_info 3 /INPUT 1 "enable_i";
    .port_info 4 /OUTPUT 1 "term_cnt_o";
    .port_info 5 /OUTPUT 1 "count_o";
P_0000020190219210 .param/l "cntr_bits_p" 1 8 18, +C4<00000000000000000000000000000001>;
P_0000020190219248 .param/l "cntr_tc_p" 0 8 5, C4<1>;
L_0000020190257540 .functor BUFZ 1, v0000020190335670_0, C4<0>, C4<0>, C4<0>;
L_000002019034d1f8 .functor BUFT 1, C4<1>, C4<0>, C4<0>, C4<0>;
L_00000201902579a0 .functor XNOR 1, v0000020190335670_0, L_000002019034d1f8, C4<0>, C4<0>;
v0000020190336bb0_0 .net/2u *"_ivl_2", 0 0, L_000002019034d1f8;  1 drivers
v0000020190336430_0 .net "clk_i", 0 0, v0000020190346950_0;  alias, 1 drivers
v00000201903367f0_0 .net "count_o", 0 0, L_0000020190257540;  1 drivers
v0000020190335670_0 .var "count_r", 0 0;
L_000002019034d288 .functor BUFT 1, C4<1>, C4<0>, C4<0>, C4<0>;
v0000020190336c50_0 .net "enable_i", 0 0, L_000002019034d288;  1 drivers
v0000020190335e90_0 .net "loadOrNah", 0 0, v0000020190347990_0;  alias, 1 drivers
v0000020190335df0_0 .net "nLoaded_i", 0 0, L_0000020190345eb0;  1 drivers
v0000020190335fd0_0 .net "term_cnt_o", 0 0, L_00000201902579a0;  alias, 1 drivers
E_00000201902c61c0 .event posedge, v0000020190336430_0;
S_00000201902de9e0 .scope module, "stage1" "cntrStage" 3 61, 8 4 0, S_000002019023d1e0;
 .timescale 0 -2;
    .port_info 0 /INPUT 1 "clk_i";
    .port_info 1 /INPUT 1 "nLoaded_i";
    .port_info 2 /INPUT 1 "loadOrNah";
    .port_info 3 /INPUT 1 "enable_i";
    .port_info 4 /OUTPUT 1 "term_cnt_o";
    .port_info 5 /OUTPUT 1 "count_o";
P_0000020190218f90 .param/l "cntr_bits_p" 1 8 18, +C4<00000000000000000000000000000001>;
P_0000020190218fc8 .param/l "cntr_tc_p" 0 8 5, C4<1>;
L_0000020190257230 .functor BUFZ 1, v0000020190335990_0, C4<0>, C4<0>, C4<0>;
L_000002019034d2d0 .functor BUFT 1, C4<1>, C4<0>, C4<0>, C4<0>;
L_0000020190257ee0 .functor XNOR 1, v0000020190335990_0, L_000002019034d2d0, C4<0>, C4<0>;
v0000020190336e30_0 .net/2u *"_ivl_2", 0 0, L_000002019034d2d0;  1 drivers
v00000201903357b0_0 .net "clk_i", 0 0, v0000020190346950_0;  alias, 1 drivers
v0000020190337510_0 .net "count_o", 0 0, L_0000020190257230;  1 drivers
v0000020190335990_0 .var "count_r", 0 0;
v0000020190337830_0 .net "enable_i", 0 0, L_00000201902579a0;  alias, 1 drivers
v0000020190337470_0 .net "loadOrNah", 0 0, v0000020190347990_0;  alias, 1 drivers
v0000020190336f70_0 .net "nLoaded_i", 0 0, L_0000020190347f30;  1 drivers
v0000020190337650_0 .net "term_cnt_o", 0 0, L_0000020190257ee0;  alias, 1 drivers
S_00000201902deb70 .scope module, "stage2" "cntrStage" 3 70, 8 4 0, S_000002019023d1e0;
 .timescale 0 -2;
    .port_info 0 /INPUT 1 "clk_i";
    .port_info 1 /INPUT 6 "nLoaded_i";
    .port_info 2 /INPUT 1 "loadOrNah";
    .port_info 3 /INPUT 1 "enable_i";
    .port_info 4 /OUTPUT 1 "term_cnt_o";
    .port_info 5 /OUTPUT 6 "count_o";
P_0000020190219010 .param/l "cntr_bits_p" 1 8 18, +C4<00000000000000000000000000000110>;
P_0000020190219048 .param/l "cntr_tc_p" 0 8 5, +C4<00000000000000000000000000111011>;
L_00000201902578c0 .functor BUFZ 6, v0000020190337150_0, C4<000000>, C4<000000>, C4<000000>;
L_000002019034d3a8 .functor BUFT 1, C4<111011>, C4<0>, C4<0>, C4<0>;
v0000020190335170_0 .net/2u *"_ivl_2", 5 0, L_000002019034d3a8;  1 drivers
v0000020190337010_0 .net "clk_i", 0 0, v0000020190346950_0;  alias, 1 drivers
v00000201903370b0_0 .net "count_o", 5 0, L_00000201902578c0;  1 drivers
v0000020190337150_0 .var "count_r", 5 0;
v00000201903371f0_0 .net "enable_i", 0 0, L_00000201902574d0;  alias, 1 drivers
v0000020190336390_0 .net "loadOrNah", 0 0, v0000020190347990_0;  alias, 1 drivers
v0000020190335a30_0 .net "nLoaded_i", 5 0, L_0000020190346bd0;  1 drivers
v0000020190335ad0_0 .net "term_cnt_o", 0 0, L_00000201903461d0;  alias, 1 drivers
L_00000201903461d0 .cmp/eq 6, v0000020190337150_0, L_000002019034d3a8;
S_0000020190342730 .scope module, "stage3" "cntrStage" 3 80, 8 4 0, S_000002019023d1e0;
 .timescale 0 -2;
    .port_info 0 /INPUT 1 "clk_i";
    .port_info 1 /INPUT 4 "nLoaded_i";
    .port_info 2 /INPUT 1 "loadOrNah";
    .port_info 3 /INPUT 1 "enable_i";
    .port_info 4 /OUTPUT 1 "term_cnt_o";
    .port_info 5 /OUTPUT 4 "count_o";
P_0000020190218f10 .param/l "cntr_bits_p" 1 8 18, +C4<00000000000000000000000000000100>;
P_0000020190218f48 .param/l "cntr_tc_p" 0 8 5, +C4<00000000000000000000000000001011>;
L_0000020190257930 .functor BUFZ 4, v00000201903362f0_0, C4<0000>, C4<0000>, C4<0000>;
L_000002019034d438 .functor BUFT 1, C4<1011>, C4<0>, C4<0>, C4<0>;
v0000020190336070_0 .net/2u *"_ivl_2", 3 0, L_000002019034d438;  1 drivers
v0000020190337290_0 .net "clk_i", 0 0, v0000020190346950_0;  alias, 1 drivers
v0000020190337330_0 .net "count_o", 3 0, L_0000020190257930;  1 drivers
v00000201903362f0_0 .var "count_r", 3 0;
v00000201903364d0_0 .net "enable_i", 0 0, L_0000020190257380;  alias, 1 drivers
v0000020190335710_0 .net "loadOrNah", 0 0, v0000020190347990_0;  alias, 1 drivers
v00000201903375b0_0 .net "nLoaded_i", 3 0, L_0000020190347670;  1 drivers
v00000201903376f0_0 .net "term_cnt_o", 0 0, L_0000020190345af0;  1 drivers
L_0000020190345af0 .cmp/eq 4, v00000201903362f0_0, L_000002019034d438;
S_0000020190342280 .scope module, "zerah" "zeroblanker" 3 147, 9 3 0, S_000002019023d1e0;
 .timescale 0 -2;
    .port_info 0 /INPUT 7 "needblank";
    .port_info 1 /OUTPUT 7 "blanked";
P_00000201902c6ec0 .param/l "blanktoggle" 0 9 3, C4<1>;
L_00000201903512a8 .functor BUFT 1, C4<1>, C4<0>, C4<0>, C4<0>;
L_0000020190257d90 .functor AND 1, L_00000201903512a8, L_00000201903ae650, C4<1>, C4<1>;
v0000020190337790_0 .net/2u *"_ivl_0", 0 0, L_00000201903512a8;  1 drivers
L_00000201903512f0 .functor BUFT 1, C4<1000000>, C4<0>, C4<0>, C4<0>;
v00000201903350d0_0 .net/2u *"_ivl_2", 6 0, L_00000201903512f0;  1 drivers
v0000020190335490_0 .net *"_ivl_4", 0 0, L_00000201903ae650;  1 drivers
v0000020190335530_0 .net *"_ivl_7", 0 0, L_0000020190257d90;  1 drivers
L_0000020190351338 .functor BUFT 1, C4<1111111>, C4<0>, C4<0>, C4<0>;
v00000201903355d0_0 .net/2u *"_ivl_8", 6 0, L_0000020190351338;  1 drivers
v00000201903358f0_0 .net "blanked", 6 0, L_00000201903aff50;  alias, 1 drivers
v0000020190338d70_0 .net "needblank", 6 0, L_0000020190348a70;  alias, 1 drivers
L_00000201903ae650 .cmp/eq 7, L_0000020190348a70, L_00000201903512f0;
L_00000201903aff50 .functor MUXZ 7, L_0000020190348a70, L_0000020190351338, L_0000020190257d90, C4<>;
    .scope S_00000201902de850;
T_0 ;
    %pushi/vec4 0, 0, 1;
    %store/vec4 v0000020190335670_0, 0, 1;
    %end;
    .thread T_0;
    .scope S_00000201902de850;
T_1 ;
    %wait E_00000201902c61c0;
    %load/vec4 v0000020190335e90_0;
    %inv;
    %flag_set/vec4 8;
    %jmp/0xz  T_1.0, 8;
    %load/vec4 v0000020190335df0_0;
    %assign/vec4 v0000020190335670_0, 0;
    %jmp T_1.1;
T_1.0 ;
    %load/vec4 v0000020190336c50_0;
    %flag_set/vec4 8;
    %jmp/0xz  T_1.2, 8;
    %load/vec4 v0000020190335670_0;
    %cmpi/e 1, 0, 1;
    %jmp/0xz  T_1.4, 4;
    %pushi/vec4 0, 0, 1;
    %assign/vec4 v0000020190335670_0, 0;
    %jmp T_1.5;
T_1.4 ;
    %load/vec4 v0000020190335670_0;
    %addi 1, 0, 1;
    %assign/vec4 v0000020190335670_0, 0;
T_1.5 ;
T_1.2 ;
T_1.1 ;
    %jmp T_1;
    .thread T_1;
    .scope S_00000201902de9e0;
T_2 ;
    %pushi/vec4 0, 0, 1;
    %store/vec4 v0000020190335990_0, 0, 1;
    %end;
    .thread T_2;
    .scope S_00000201902de9e0;
T_3 ;
    %wait E_00000201902c61c0;
    %load/vec4 v0000020190337470_0;
    %inv;
    %flag_set/vec4 8;
    %jmp/0xz  T_3.0, 8;
    %load/vec4 v0000020190336f70_0;
    %assign/vec4 v0000020190335990_0, 0;
    %jmp T_3.1;
T_3.0 ;
    %load/vec4 v0000020190337830_0;
    %flag_set/vec4 8;
    %jmp/0xz  T_3.2, 8;
    %load/vec4 v0000020190335990_0;
    %cmpi/e 1, 0, 1;
    %jmp/0xz  T_3.4, 4;
    %pushi/vec4 0, 0, 1;
    %assign/vec4 v0000020190335990_0, 0;
    %jmp T_3.5;
T_3.4 ;
    %load/vec4 v0000020190335990_0;
    %addi 1, 0, 1;
    %assign/vec4 v0000020190335990_0, 0;
T_3.5 ;
T_3.2 ;
T_3.1 ;
    %jmp T_3;
    .thread T_3;
    .scope S_00000201902deb70;
T_4 ;
    %pushi/vec4 0, 0, 6;
    %store/vec4 v0000020190337150_0, 0, 6;
    %end;
    .thread T_4;
    .scope S_00000201902deb70;
T_5 ;
    %wait E_00000201902c61c0;
    %load/vec4 v0000020190336390_0;
    %inv;
    %flag_set/vec4 8;
    %jmp/0xz  T_5.0, 8;
    %load/vec4 v0000020190335a30_0;
    %assign/vec4 v0000020190337150_0, 0;
    %jmp T_5.1;
T_5.0 ;
    %load/vec4 v00000201903371f0_0;
    %flag_set/vec4 8;
    %jmp/0xz  T_5.2, 8;
    %load/vec4 v0000020190337150_0;
    %cmpi/e 59, 0, 6;
    %jmp/0xz  T_5.4, 4;
    %pushi/vec4 0, 0, 6;
    %assign/vec4 v0000020190337150_0, 0;
    %jmp T_5.5;
T_5.4 ;
    %load/vec4 v0000020190337150_0;
    %addi 1, 0, 6;
    %assign/vec4 v0000020190337150_0, 0;
T_5.5 ;
T_5.2 ;
T_5.1 ;
    %jmp T_5;
    .thread T_5;
    .scope S_0000020190342730;
T_6 ;
    %pushi/vec4 0, 0, 4;
    %store/vec4 v00000201903362f0_0, 0, 4;
    %end;
    .thread T_6;
    .scope S_0000020190342730;
T_7 ;
    %wait E_00000201902c61c0;
    %load/vec4 v0000020190335710_0;
    %inv;
    %flag_set/vec4 8;
    %jmp/0xz  T_7.0, 8;
    %load/vec4 v00000201903375b0_0;
    %assign/vec4 v00000201903362f0_0, 0;
    %jmp T_7.1;
T_7.0 ;
    %load/vec4 v00000201903364d0_0;
    %flag_set/vec4 8;
    %jmp/0xz  T_7.2, 8;
    %load/vec4 v00000201903362f0_0;
    %cmpi/e 11, 0, 4;
    %jmp/0xz  T_7.4, 4;
    %pushi/vec4 0, 0, 4;
    %assign/vec4 v00000201903362f0_0, 0;
    %jmp T_7.5;
T_7.4 ;
    %load/vec4 v00000201903362f0_0;
    %addi 1, 0, 4;
    %assign/vec4 v00000201903362f0_0, 0;
T_7.5 ;
T_7.2 ;
T_7.1 ;
    %jmp T_7;
    .thread T_7;
    .scope S_00000201902585d0;
T_8 ;
    %pushi/vec4 1, 0, 1;
    %store/vec4 v0000020190346950_0, 0, 1;
    %pushi/vec4 4697, 0, 16;
    %store/vec4 v00000201903466d0_0, 0, 16;
    %pushi/vec4 1, 0, 1;
    %store/vec4 v0000020190347990_0, 0, 1;
    %end;
    .thread T_8;
    .scope S_00000201902585d0;
T_9 ;
    %delay 25, 0;
    %load/vec4 v0000020190346950_0;
    %inv;
    %store/vec4 v0000020190346950_0, 0, 1;
    %jmp T_9;
    .thread T_9;
    .scope S_00000201902585d0;
T_10 ;
    %vpi_call 2 18 "$dumpfile", "a.vcd" {0 0 0};
    %vpi_call 2 19 "$dumpvars" {0 0 0};
    %vpi_call 2 20 "$display", "Time Clock hrhigh   hrLow   minhigh  minlow  sechigh   seclow" {0 0 0};
    %vpi_call 2 21 "$monitor", "%4d  %1b     %3h    %3h    %3h     %3h    %3h     %3h", $time, v0000020190346950_0, v0000020190346f90_0, v0000020190347530_0, v0000020190347850_0, v00000201903470d0_0, v0000020190346a90_0, v0000020190347b70_0 {0 0 0};
    %delay 25, 0;
    %pushi/vec4 0, 0, 1;
    %store/vec4 v0000020190347990_0, 0, 1;
    %delay 100, 0;
    %pushi/vec4 1, 0, 1;
    %store/vec4 v0000020190347990_0, 0, 1;
    %delay 425, 0;
    %vpi_call 2 25 "$finish" {0 0 0};
    %end;
    .thread T_10;
# The file index is used to find the file name in the following table.
:file_names 10;
    "N/A";
    "<interactive>";
    "..\sim\clock2_tb.v";
    "..\src\clock2.v";
    "..\src\bcd2bin.v";
    "..\src\bin2BCD.v";
    "..\src\hoursmanaged.v";
    "..\src\hex7seg.v";
    "..\src\cntrStage.v";
    "..\src\zeroblanker.v";
